2017-07-21 14:39:41.596 [user-api,,,] 2612 --- [           main] s.c.a.AnnotationConfigApplicationContext : Refreshing org.springframework.context.annotation.AnnotationConfigApplicationContext@4b29d1d2: startup date [Fri Jul 21 14:39:41 CST 2017]; root of context hierarchy
2017-07-21 14:39:42.282 [user-api,,,] 2612 --- [           main] f.a.AutowiredAnnotationBeanPostProcessor : JSR-330 'javax.inject.Inject' annotation found and supported for autowiring
2017-07-21 14:39:42.309 [user-api,,,] 2612 --- [           main] trationDelegate$BeanPostProcessorChecker : Bean 'configurationPropertiesRebinderAutoConfiguration' of type [class org.springframework.cloud.autoconfigure.ConfigurationPropertiesRebinderAutoConfiguration$$EnhancerBySpringCGLIB$$7095a3d3] is not eligible for getting processed by all BeanPostProcessors (for example: not eligible for auto-proxying)
2017-07-21 14:39:43.117 [user-api,,,] 2612 --- [           main] com.duo.user.api.UserAPIApplication      : No active profile set, falling back to default profiles: default
2017-07-21 14:39:43.137 [user-api,,,] 2612 --- [           main] ationConfigEmbeddedWebApplicationContext : Refreshing org.springframework.boot.context.embedded.AnnotationConfigEmbeddedWebApplicationContext@a776e: startup date [Fri Jul 21 14:39:43 CST 2017]; parent: org.springframework.context.annotation.AnnotationConfigApplicationContext@4b29d1d2
2017-07-21 14:39:44.486 [user-api,,,] 2612 --- [           main] o.s.c.a.ConfigurationClassPostProcessor  : Cannot enhance @Configuration bean definition 'refreshScope' since its singleton instance has been created too early. The typical cause is a non-static @Bean method with a BeanDefinitionRegistryPostProcessor return type: Consider declaring such methods as 'static'.
2017-07-21 14:39:44.703 [user-api,,,] 2612 --- [           main] o.s.cloud.context.scope.GenericScope     : BeanFactory id=543d0e71-6506-3c56-8715-a1ff6da10c7d
2017-07-21 14:39:44.816 [user-api,,,] 2612 --- [           main] f.a.AutowiredAnnotationBeanPostProcessor : JSR-330 'javax.inject.Inject' annotation found and supported for autowiring
2017-07-21 14:39:45.137 [user-api,,,] 2612 --- [           main] trationDelegate$BeanPostProcessorChecker : Bean 'org.springframework.transaction.annotation.ProxyTransactionManagementConfiguration' of type [class org.springframework.transaction.annotation.ProxyTransactionManagementConfiguration$$EnhancerBySpringCGLIB$$547ba0d6] is not eligible for getting processed by all BeanPostProcessors (for example: not eligible for auto-proxying)
2017-07-21 14:39:45.780 [user-api,,,] 2612 --- [           main] trationDelegate$BeanPostProcessorChecker : Bean 'org.springframework.cloud.autoconfigure.ConfigurationPropertiesRebinderAutoConfiguration' of type [class org.springframework.cloud.autoconfigure.ConfigurationPropertiesRebinderAutoConfiguration$$EnhancerBySpringCGLIB$$7095a3d3] is not eligible for getting processed by all BeanPostProcessors (for example: not eligible for auto-proxying)
2017-07-21 14:39:46.741 [user-api,,,] 2612 --- [           main] s.b.c.e.t.TomcatEmbeddedServletContainer : Tomcat initialized with port(s): 2222 (http)
2017-07-21 14:39:46.759 [user-api,,,] 2612 --- [           main] o.apache.catalina.core.StandardService   : Starting service Tomcat
2017-07-21 14:39:46.761 [user-api,,,] 2612 --- [           main] org.apache.catalina.core.StandardEngine  : Starting Servlet Engine: Apache Tomcat/8.5.6
2017-07-21 14:39:46.933 [user-api,,,] 2612 --- [ost-startStop-1] o.a.c.c.C.[Tomcat].[localhost].[/]       : Initializing Spring embedded WebApplicationContext
2017-07-21 14:39:46.933 [user-api,,,] 2612 --- [ost-startStop-1] o.s.web.context.ContextLoader            : Root WebApplicationContext: initialization completed in 3796 ms
2017-07-21 14:39:47.261 [user-api,,,] 2612 --- [ost-startStop-1] o.s.b.w.servlet.ServletRegistrationBean  : Mapping servlet: 'dispatcherServlet' to [/]
2017-07-21 14:39:47.268 [user-api,,,] 2612 --- [ost-startStop-1] o.s.b.w.servlet.FilterRegistrationBean   : Mapping filter: 'characterEncodingFilter' to: [/*]
2017-07-21 14:39:47.269 [user-api,,,] 2612 --- [ost-startStop-1] o.s.b.w.servlet.FilterRegistrationBean   : Mapping filter: 'hiddenHttpMethodFilter' to: [/*]
2017-07-21 14:39:47.269 [user-api,,,] 2612 --- [ost-startStop-1] o.s.b.w.servlet.FilterRegistrationBean   : Mapping filter: 'httpPutFormContentFilter' to: [/*]
2017-07-21 14:39:47.270 [user-api,,,] 2612 --- [ost-startStop-1] o.s.b.w.servlet.FilterRegistrationBean   : Mapping filter: 'requestContextFilter' to: [/*]
2017-07-21 14:39:50.277 [user-api,,,] 2612 --- [           main] s.w.s.m.m.a.RequestMappingHandlerAdapter : Looking for @ControllerAdvice: org.springframework.boot.context.embedded.AnnotationConfigEmbeddedWebApplicationContext@a776e: startup date [Fri Jul 21 14:39:43 CST 2017]; parent: org.springframework.context.annotation.AnnotationConfigApplicationContext@4b29d1d2
2017-07-21 14:39:50.491 [user-api,,,] 2612 --- [           main] s.w.s.m.m.a.RequestMappingHandlerMapping : Mapped "{[/menuapi/list],methods=[POST]}" onto public java.util.List<com.duo.user.entity.Menu> com.duo.user.api.controller.MenuApiController.findByUserId(java.lang.String)
2017-07-21 14:39:50.500 [user-api,,,] 2612 --- [           main] s.w.s.m.m.a.RequestMappingHandlerMapping : Mapped "{[/userapi/login],methods=[POST]}" onto public com.duo.user.entity.User com.duo.user.api.controller.UserApiController.login(java.lang.String,java.lang.String)
2017-07-21 14:39:50.502 [user-api,,,] 2612 --- [           main] s.w.s.m.m.a.RequestMappingHandlerMapping : Mapped "{[/userapi/info/query/{id}],methods=[GET]}" onto public com.duo.user.entity.User com.duo.user.api.controller.UserApiController.queryUserById(java.lang.String)
2017-07-21 14:39:50.504 [user-api,,,] 2612 --- [           main] s.w.s.m.m.a.RequestMappingHandlerMapping : Mapped "{[/api/user/un/{username}/menu/parent/{parentId}],methods=[GET]}" onto public java.lang.String com.duo.user.api.rpc.UserService.getMenusByUsername(java.lang.String,java.lang.String)
2017-07-21 14:39:50.504 [user-api,,,] 2612 --- [           main] s.w.s.m.m.a.RequestMappingHandlerMapping : Mapped "{[/api/user/un/{username}/menu/top],methods=[GET]}" onto public java.lang.String com.duo.user.api.rpc.UserService.findUserTopMenu(java.lang.String)
2017-07-21 14:39:50.508 [user-api,,,] 2612 --- [           main] s.w.s.m.m.a.RequestMappingHandlerMapping : Mapped "{[/error]}" onto public org.springframework.http.ResponseEntity<java.util.Map<java.lang.String, java.lang.Object>> org.springframework.boot.autoconfigure.web.BasicErrorController.error(javax.servlet.http.HttpServletRequest)
2017-07-21 14:39:50.509 [user-api,,,] 2612 --- [           main] s.w.s.m.m.a.RequestMappingHandlerMapping : Mapped "{[/error],produces=[text/html]}" onto public org.springframework.web.servlet.ModelAndView org.springframework.boot.autoconfigure.web.BasicErrorController.errorHtml(javax.servlet.http.HttpServletRequest,javax.servlet.http.HttpServletResponse)
2017-07-21 14:39:50.654 [user-api,,,] 2612 --- [           main] o.s.w.s.handler.SimpleUrlHandlerMapping  : Mapped URL path [/webjars/**] onto handler of type [class org.springframework.web.servlet.resource.ResourceHttpRequestHandler]
2017-07-21 14:39:50.654 [user-api,,,] 2612 --- [           main] o.s.w.s.handler.SimpleUrlHandlerMapping  : Mapped URL path [/**] onto handler of type [class org.springframework.web.servlet.resource.ResourceHttpRequestHandler]
2017-07-21 14:39:50.752 [user-api,,,] 2612 --- [           main] o.s.w.s.handler.SimpleUrlHandlerMapping  : Mapped URL path [/**/favicon.ico] onto handler of type [class org.springframework.web.servlet.resource.ResourceHttpRequestHandler]
2017-07-21 14:39:51.749 [user-api,,,] 2612 --- [           main] c.n.c.sources.URLConfigurationSource     : No URLs will be polled as dynamic configuration sources.
2017-07-21 14:39:51.749 [user-api,,,] 2612 --- [           main] c.n.c.sources.URLConfigurationSource     : To enable URLs as dynamic configuration sources, define System property archaius.configurationSource.additionalUrls or make config.properties available on classpath.
2017-07-21 14:39:51.760 [user-api,,,] 2612 --- [           main] c.n.c.sources.URLConfigurationSource     : No URLs will be polled as dynamic configuration sources.
2017-07-21 14:39:51.760 [user-api,,,] 2612 --- [           main] c.n.c.sources.URLConfigurationSource     : To enable URLs as dynamic configuration sources, define System property archaius.configurationSource.additionalUrls or make config.properties available on classpath.
2017-07-21 14:39:51.895 [user-api,,,] 2612 --- [           main] o.s.j.e.a.AnnotationMBeanExporter        : Registering beans for JMX exposure on startup
2017-07-21 14:39:51.907 [user-api,,,] 2612 --- [           main] o.s.j.e.a.AnnotationMBeanExporter        : Bean with name 'refreshScope' has been autodetected for JMX exposure
2017-07-21 14:39:51.908 [user-api,,,] 2612 --- [           main] o.s.j.e.a.AnnotationMBeanExporter        : Bean with name 'environmentManager' has been autodetected for JMX exposure
2017-07-21 14:39:51.910 [user-api,,,] 2612 --- [           main] o.s.j.e.a.AnnotationMBeanExporter        : Bean with name 'configurationPropertiesRebinder' has been autodetected for JMX exposure
2017-07-21 14:39:51.914 [user-api,,,] 2612 --- [           main] o.s.j.e.a.AnnotationMBeanExporter        : Located managed bean 'environmentManager': registering with JMX server as MBean [org.springframework.cloud.context.environment:name=environmentManager,type=EnvironmentManager]
2017-07-21 14:39:51.932 [user-api,,,] 2612 --- [           main] o.s.j.e.a.AnnotationMBeanExporter        : Located managed bean 'refreshScope': registering with JMX server as MBean [org.springframework.cloud.context.scope.refresh:name=refreshScope,type=RefreshScope]
2017-07-21 14:39:51.951 [user-api,,,] 2612 --- [           main] o.s.j.e.a.AnnotationMBeanExporter        : Located managed bean 'configurationPropertiesRebinder': registering with JMX server as MBean [org.springframework.cloud.context.properties:name=configurationPropertiesRebinder,context=a776e,type=ConfigurationPropertiesRebinder]
2017-07-21 14:39:52.144 [user-api,,,] 2612 --- [           main] o.s.c.support.DefaultLifecycleProcessor  : Starting beans in phase 0
2017-07-21 14:39:52.156 [user-api,,,] 2612 --- [           main] o.s.c.n.eureka.InstanceInfoFactory       : Setting initial instance status as: STARTING
2017-07-21 14:39:52.952 [user-api,,,] 2612 --- [           main] c.n.d.provider.DiscoveryJerseyProvider   : Using JSON encoding codec LegacyJacksonJson
2017-07-21 14:39:52.954 [user-api,,,] 2612 --- [           main] c.n.d.provider.DiscoveryJerseyProvider   : Using JSON decoding codec LegacyJacksonJson
2017-07-21 14:39:53.149 [user-api,,,] 2612 --- [           main] c.n.d.provider.DiscoveryJerseyProvider   : Using XML encoding codec XStreamXml
2017-07-21 14:39:53.149 [user-api,,,] 2612 --- [           main] c.n.d.provider.DiscoveryJerseyProvider   : Using XML decoding codec XStreamXml
2017-07-21 14:39:53.711 [user-api,,,] 2612 --- [           main] c.n.d.s.r.aws.ConfigClusterResolver      : Resolving eureka endpoints via configuration
2017-07-21 14:39:53.987 [user-api,,,] 2612 --- [           main] com.netflix.discovery.DiscoveryClient    : Disable delta property : false
2017-07-21 14:39:53.988 [user-api,,,] 2612 --- [           main] com.netflix.discovery.DiscoveryClient    : Single vip registry refresh property : null
2017-07-21 14:39:53.988 [user-api,,,] 2612 --- [           main] com.netflix.discovery.DiscoveryClient    : Force full registry fetch : false
2017-07-21 14:39:53.988 [user-api,,,] 2612 --- [           main] com.netflix.discovery.DiscoveryClient    : Application is null : false
2017-07-21 14:39:53.989 [user-api,,,] 2612 --- [           main] com.netflix.discovery.DiscoveryClient    : Registered Applications size is zero : true
2017-07-21 14:39:53.989 [user-api,,,] 2612 --- [           main] com.netflix.discovery.DiscoveryClient    : Application version is -1: true
2017-07-21 14:39:53.989 [user-api,,,] 2612 --- [           main] com.netflix.discovery.DiscoveryClient    : Getting all instance registry info from the eureka server
2017-07-21 14:39:54.716 [user-api,,,] 2612 --- [           main] com.netflix.discovery.DiscoveryClient    : The response status is 200
2017-07-21 14:39:54.718 [user-api,,,] 2612 --- [           main] com.netflix.discovery.DiscoveryClient    : Starting heartbeat executor: renew interval is: 30
2017-07-21 14:39:54.723 [user-api,,,] 2612 --- [           main] c.n.discovery.InstanceInfoReplicator     : InstanceInfoReplicator onDemand update allowed rate per min is 4
2017-07-21 14:39:54.728 [user-api,,,] 2612 --- [           main] com.netflix.discovery.DiscoveryClient    : Discovery Client initialized at timestamp 1500619194728 with initial instances count: 0
2017-07-21 14:39:54.860 [user-api,,,] 2612 --- [           main] c.n.e.EurekaDiscoveryClientConfiguration : Registering application user-api with eureka with status UP
2017-07-21 14:39:54.862 [user-api,,,] 2612 --- [           main] com.netflix.discovery.DiscoveryClient    : Saw local status change event StatusChangeEvent [timestamp=1500619194862, current=UP, previous=STARTING]
2017-07-21 14:39:54.864 [user-api,,,] 2612 --- [nfoReplicator-0] com.netflix.discovery.DiscoveryClient    : DiscoveryClient_USER-API/Josiah-PC:user-api:2222: registering service...
2017-07-21 14:39:55.036 [user-api,,,] 2612 --- [           main] s.b.c.e.t.TomcatEmbeddedServletContainer : Tomcat started on port(s): 2222 (http)
2017-07-21 14:39:55.039 [user-api,,,] 2612 --- [           main] c.n.e.EurekaDiscoveryClientConfiguration : Updating port to 2222
2017-07-21 14:39:55.048 [user-api,,,] 2612 --- [           main] com.duo.user.api.UserAPIApplication      : Started UserAPIApplication in 14.755 seconds (JVM running for 15.349)
2017-07-21 14:39:55.236 [user-api,,,] 2612 --- [nfoReplicator-0] com.netflix.discovery.DiscoveryClient    : DiscoveryClient_USER-API/Josiah-PC:user-api:2222 - registration status: 204
2017-07-21 14:40:24.774 [user-api,,,] 2612 --- [freshExecutor-0] com.netflix.discovery.DiscoveryClient    : Disable delta property : false
2017-07-21 14:40:24.775 [user-api,,,] 2612 --- [freshExecutor-0] com.netflix.discovery.DiscoveryClient    : Single vip registry refresh property : null
2017-07-21 14:40:24.775 [user-api,,,] 2612 --- [freshExecutor-0] com.netflix.discovery.DiscoveryClient    : Force full registry fetch : false
2017-07-21 14:40:24.775 [user-api,,,] 2612 --- [freshExecutor-0] com.netflix.discovery.DiscoveryClient    : Application is null : false
2017-07-21 14:40:24.775 [user-api,,,] 2612 --- [freshExecutor-0] com.netflix.discovery.DiscoveryClient    : Registered Applications size is zero : true
2017-07-21 14:40:24.775 [user-api,,,] 2612 --- [freshExecutor-0] com.netflix.discovery.DiscoveryClient    : Application version is -1: false
2017-07-21 14:40:24.775 [user-api,,,] 2612 --- [freshExecutor-0] com.netflix.discovery.DiscoveryClient    : Getting all instance registry info from the eureka server
2017-07-21 14:40:24.906 [user-api,,,] 2612 --- [freshExecutor-0] com.netflix.discovery.DiscoveryClient    : The response status is 200
2017-07-21 14:41:21.082 [user-api,,,] 2612 --- [nio-2222-exec-1] o.a.c.c.C.[Tomcat].[localhost].[/]       : Initializing Spring FrameworkServlet 'dispatcherServlet'
2017-07-21 14:41:21.083 [user-api,,,] 2612 --- [nio-2222-exec-1] o.s.web.servlet.DispatcherServlet        : FrameworkServlet 'dispatcherServlet': initialization started
2017-07-21 14:41:21.127 [user-api,,,] 2612 --- [nio-2222-exec-1] o.s.web.servlet.DispatcherServlet        : FrameworkServlet 'dispatcherServlet': initialization completed in 44 ms
2017-07-21 14:44:53.998 [user-api,,,] 2612 --- [trap-executor-0] c.n.d.s.r.aws.ConfigClusterResolver      : Resolving eureka endpoints via configuration
2017-07-21 14:45:04.811 [user-api,,,] 10104 --- [           main] s.c.a.AnnotationConfigApplicationContext : Refreshing org.springframework.context.annotation.AnnotationConfigApplicationContext@38be305c: startup date [Fri Jul 21 14:45:04 CST 2017]; root of context hierarchy
2017-07-21 14:45:05.517 [user-api,,,] 10104 --- [           main] f.a.AutowiredAnnotationBeanPostProcessor : JSR-330 'javax.inject.Inject' annotation found and supported for autowiring
2017-07-21 14:45:05.569 [user-api,,,] 10104 --- [           main] trationDelegate$BeanPostProcessorChecker : Bean 'configurationPropertiesRebinderAutoConfiguration' of type [class org.springframework.cloud.autoconfigure.ConfigurationPropertiesRebinderAutoConfiguration$$EnhancerBySpringCGLIB$$9251172d] is not eligible for getting processed by all BeanPostProcessors (for example: not eligible for auto-proxying)
2017-07-21 14:45:06.502 [user-api,,,] 10104 --- [           main] com.duo.user.api.UserAPIApplication      : No active profile set, falling back to default profiles: default
2017-07-21 14:45:06.529 [user-api,,,] 10104 --- [           main] ationConfigEmbeddedWebApplicationContext : Refreshing org.springframework.boot.context.embedded.AnnotationConfigEmbeddedWebApplicationContext@49aa766b: startup date [Fri Jul 21 14:45:06 CST 2017]; parent: org.springframework.context.annotation.AnnotationConfigApplicationContext@38be305c
2017-07-21 14:45:07.878 [user-api,,,] 10104 --- [           main] o.s.c.a.ConfigurationClassPostProcessor  : Cannot enhance @Configuration bean definition 'refreshScope' since its singleton instance has been created too early. The typical cause is a non-static @Bean method with a BeanDefinitionRegistryPostProcessor return type: Consider declaring such methods as 'static'.
2017-07-21 14:45:08.084 [user-api,,,] 10104 --- [           main] o.s.cloud.context.scope.GenericScope     : BeanFactory id=543d0e71-6506-3c56-8715-a1ff6da10c7d
2017-07-21 14:45:08.219 [user-api,,,] 10104 --- [           main] f.a.AutowiredAnnotationBeanPostProcessor : JSR-330 'javax.inject.Inject' annotation found and supported for autowiring
2017-07-21 14:45:08.445 [user-api,,,] 10104 --- [           main] trationDelegate$BeanPostProcessorChecker : Bean 'org.springframework.transaction.annotation.ProxyTransactionManagementConfiguration' of type [class org.springframework.transaction.annotation.ProxyTransactionManagementConfiguration$$EnhancerBySpringCGLIB$$76371430] is not eligible for getting processed by all BeanPostProcessors (for example: not eligible for auto-proxying)
2017-07-21 14:45:08.861 [user-api,,,] 10104 --- [           main] trationDelegate$BeanPostProcessorChecker : Bean 'org.springframework.cloud.autoconfigure.ConfigurationPropertiesRebinderAutoConfiguration' of type [class org.springframework.cloud.autoconfigure.ConfigurationPropertiesRebinderAutoConfiguration$$EnhancerBySpringCGLIB$$9251172d] is not eligible for getting processed by all BeanPostProcessors (for example: not eligible for auto-proxying)
2017-07-21 14:45:10.051 [user-api,,,] 10104 --- [           main] s.b.c.e.t.TomcatEmbeddedServletContainer : Tomcat initialized with port(s): 2222 (http)
2017-07-21 14:45:10.074 [user-api,,,] 10104 --- [           main] o.apache.catalina.core.StandardService   : Starting service Tomcat
2017-07-21 14:45:10.076 [user-api,,,] 10104 --- [           main] org.apache.catalina.core.StandardEngine  : Starting Servlet Engine: Apache Tomcat/8.5.6
2017-07-21 14:45:10.273 [user-api,,,] 10104 --- [ost-startStop-1] o.a.c.c.C.[Tomcat].[localhost].[/]       : Initializing Spring embedded WebApplicationContext
2017-07-21 14:45:10.273 [user-api,,,] 10104 --- [ost-startStop-1] o.s.web.context.ContextLoader            : Root WebApplicationContext: initialization completed in 3744 ms
2017-07-21 14:45:10.707 [user-api,,,] 10104 --- [ost-startStop-1] o.s.b.w.servlet.ServletRegistrationBean  : Mapping servlet: 'dispatcherServlet' to [/]
2017-07-21 14:45:10.716 [user-api,,,] 10104 --- [ost-startStop-1] o.s.b.w.servlet.FilterRegistrationBean   : Mapping filter: 'characterEncodingFilter' to: [/*]
2017-07-21 14:45:10.717 [user-api,,,] 10104 --- [ost-startStop-1] o.s.b.w.servlet.FilterRegistrationBean   : Mapping filter: 'hiddenHttpMethodFilter' to: [/*]
2017-07-21 14:45:10.717 [user-api,,,] 10104 --- [ost-startStop-1] o.s.b.w.servlet.FilterRegistrationBean   : Mapping filter: 'httpPutFormContentFilter' to: [/*]
2017-07-21 14:45:10.718 [user-api,,,] 10104 --- [ost-startStop-1] o.s.b.w.servlet.FilterRegistrationBean   : Mapping filter: 'requestContextFilter' to: [/*]
2017-07-21 14:45:13.862 [user-api,,,] 10104 --- [           main] s.w.s.m.m.a.RequestMappingHandlerAdapter : Looking for @ControllerAdvice: org.springframework.boot.context.embedded.AnnotationConfigEmbeddedWebApplicationContext@49aa766b: startup date [Fri Jul 21 14:45:06 CST 2017]; parent: org.springframework.context.annotation.AnnotationConfigApplicationContext@38be305c
2017-07-21 14:45:14.089 [user-api,,,] 10104 --- [           main] s.w.s.m.m.a.RequestMappingHandlerMapping : Mapped "{[/menuapi/list],methods=[POST]}" onto public java.util.List<com.duo.user.entity.Menu> com.duo.user.api.controller.MenuApiController.findByUserId(java.lang.String)
2017-07-21 14:45:14.094 [user-api,,,] 10104 --- [           main] s.w.s.m.m.a.RequestMappingHandlerMapping : Mapped "{[/userapi/login],methods=[POST]}" onto public com.duo.user.entity.User com.duo.user.api.controller.UserApiController.login(java.lang.String,java.lang.String)
2017-07-21 14:45:14.094 [user-api,,,] 10104 --- [           main] s.w.s.m.m.a.RequestMappingHandlerMapping : Mapped "{[/userapi/info/query/{id}],methods=[GET]}" onto public com.duo.user.entity.User com.duo.user.api.controller.UserApiController.queryUserById(java.lang.String)
2017-07-21 14:45:14.095 [user-api,,,] 10104 --- [           main] s.w.s.m.m.a.RequestMappingHandlerMapping : Mapped "{[/api/user/un/{username}/menu/top],methods=[GET]}" onto public java.lang.String com.duo.user.api.rpc.UserService.findUserTopMenu(java.lang.String)
2017-07-21 14:45:14.096 [user-api,,,] 10104 --- [           main] s.w.s.m.m.a.RequestMappingHandlerMapping : Mapped "{[/api/user/un/{username}/menu/parent/{parentId}],methods=[GET]}" onto public java.lang.String com.duo.user.api.rpc.UserService.getMenusByUsername(java.lang.String,java.lang.String)
2017-07-21 14:45:14.099 [user-api,,,] 10104 --- [           main] s.w.s.m.m.a.RequestMappingHandlerMapping : Mapped "{[/error]}" onto public org.springframework.http.ResponseEntity<java.util.Map<java.lang.String, java.lang.Object>> org.springframework.boot.autoconfigure.web.BasicErrorController.error(javax.servlet.http.HttpServletRequest)
2017-07-21 14:45:14.100 [user-api,,,] 10104 --- [           main] s.w.s.m.m.a.RequestMappingHandlerMapping : Mapped "{[/error],produces=[text/html]}" onto public org.springframework.web.servlet.ModelAndView org.springframework.boot.autoconfigure.web.BasicErrorController.errorHtml(javax.servlet.http.HttpServletRequest,javax.servlet.http.HttpServletResponse)
2017-07-21 14:45:14.242 [user-api,,,] 10104 --- [           main] o.s.w.s.handler.SimpleUrlHandlerMapping  : Mapped URL path [/webjars/**] onto handler of type [class org.springframework.web.servlet.resource.ResourceHttpRequestHandler]
2017-07-21 14:45:14.242 [user-api,,,] 10104 --- [           main] o.s.w.s.handler.SimpleUrlHandlerMapping  : Mapped URL path [/**] onto handler of type [class org.springframework.web.servlet.resource.ResourceHttpRequestHandler]
2017-07-21 14:45:14.361 [user-api,,,] 10104 --- [           main] o.s.w.s.handler.SimpleUrlHandlerMapping  : Mapped URL path [/**/favicon.ico] onto handler of type [class org.springframework.web.servlet.resource.ResourceHttpRequestHandler]
2017-07-21 14:45:15.525 [user-api,,,] 10104 --- [           main] c.n.c.sources.URLConfigurationSource     : No URLs will be polled as dynamic configuration sources.
2017-07-21 14:45:15.526 [user-api,,,] 10104 --- [           main] c.n.c.sources.URLConfigurationSource     : To enable URLs as dynamic configuration sources, define System property archaius.configurationSource.additionalUrls or make config.properties available on classpath.
2017-07-21 14:45:15.538 [user-api,,,] 10104 --- [           main] c.n.c.sources.URLConfigurationSource     : No URLs will be polled as dynamic configuration sources.
2017-07-21 14:45:15.539 [user-api,,,] 10104 --- [           main] c.n.c.sources.URLConfigurationSource     : To enable URLs as dynamic configuration sources, define System property archaius.configurationSource.additionalUrls or make config.properties available on classpath.
2017-07-21 14:45:15.864 [user-api,,,] 10104 --- [           main] o.s.j.e.a.AnnotationMBeanExporter        : Registering beans for JMX exposure on startup
2017-07-21 14:45:15.878 [user-api,,,] 10104 --- [           main] o.s.j.e.a.AnnotationMBeanExporter        : Bean with name 'refreshScope' has been autodetected for JMX exposure
2017-07-21 14:45:15.879 [user-api,,,] 10104 --- [           main] o.s.j.e.a.AnnotationMBeanExporter        : Bean with name 'environmentManager' has been autodetected for JMX exposure
2017-07-21 14:45:15.881 [user-api,,,] 10104 --- [           main] o.s.j.e.a.AnnotationMBeanExporter        : Bean with name 'configurationPropertiesRebinder' has been autodetected for JMX exposure
2017-07-21 14:45:15.885 [user-api,,,] 10104 --- [           main] o.s.j.e.a.AnnotationMBeanExporter        : Located managed bean 'environmentManager': registering with JMX server as MBean [org.springframework.cloud.context.environment:name=environmentManager,type=EnvironmentManager]
2017-07-21 14:45:15.906 [user-api,,,] 10104 --- [           main] o.s.j.e.a.AnnotationMBeanExporter        : Located managed bean 'refreshScope': registering with JMX server as MBean [org.springframework.cloud.context.scope.refresh:name=refreshScope,type=RefreshScope]
2017-07-21 14:45:15.925 [user-api,,,] 10104 --- [           main] o.s.j.e.a.AnnotationMBeanExporter        : Located managed bean 'configurationPropertiesRebinder': registering with JMX server as MBean [org.springframework.cloud.context.properties:name=configurationPropertiesRebinder,context=49aa766b,type=ConfigurationPropertiesRebinder]
2017-07-21 14:45:16.135 [user-api,,,] 10104 --- [           main] o.s.c.support.DefaultLifecycleProcessor  : Starting beans in phase 0
2017-07-21 14:45:16.148 [user-api,,,] 10104 --- [           main] o.s.c.n.eureka.InstanceInfoFactory       : Setting initial instance status as: STARTING
2017-07-21 14:45:16.972 [user-api,,,] 10104 --- [           main] c.n.d.provider.DiscoveryJerseyProvider   : Using JSON encoding codec LegacyJacksonJson
2017-07-21 14:45:16.975 [user-api,,,] 10104 --- [           main] c.n.d.provider.DiscoveryJerseyProvider   : Using JSON decoding codec LegacyJacksonJson
2017-07-21 14:45:17.203 [user-api,,,] 10104 --- [           main] c.n.d.provider.DiscoveryJerseyProvider   : Using XML encoding codec XStreamXml
2017-07-21 14:45:17.203 [user-api,,,] 10104 --- [           main] c.n.d.provider.DiscoveryJerseyProvider   : Using XML decoding codec XStreamXml
2017-07-21 14:45:17.768 [user-api,,,] 10104 --- [           main] c.n.d.s.r.aws.ConfigClusterResolver      : Resolving eureka endpoints via configuration
2017-07-21 14:45:18.114 [user-api,,,] 10104 --- [           main] com.netflix.discovery.DiscoveryClient    : Disable delta property : false
2017-07-21 14:45:18.115 [user-api,,,] 10104 --- [           main] com.netflix.discovery.DiscoveryClient    : Single vip registry refresh property : null
2017-07-21 14:45:18.116 [user-api,,,] 10104 --- [           main] com.netflix.discovery.DiscoveryClient    : Force full registry fetch : false
2017-07-21 14:45:18.116 [user-api,,,] 10104 --- [           main] com.netflix.discovery.DiscoveryClient    : Application is null : false
2017-07-21 14:45:18.116 [user-api,,,] 10104 --- [           main] com.netflix.discovery.DiscoveryClient    : Registered Applications size is zero : true
2017-07-21 14:45:18.116 [user-api,,,] 10104 --- [           main] com.netflix.discovery.DiscoveryClient    : Application version is -1: true
2017-07-21 14:45:18.117 [user-api,,,] 10104 --- [           main] com.netflix.discovery.DiscoveryClient    : Getting all instance registry info from the eureka server
2017-07-21 14:45:18.389 [user-api,,,] 10104 --- [           main] com.netflix.discovery.DiscoveryClient    : The response status is 200
2017-07-21 14:45:18.391 [user-api,,,] 10104 --- [           main] com.netflix.discovery.DiscoveryClient    : Starting heartbeat executor: renew interval is: 30
2017-07-21 14:45:18.396 [user-api,,,] 10104 --- [           main] c.n.discovery.InstanceInfoReplicator     : InstanceInfoReplicator onDemand update allowed rate per min is 4
2017-07-21 14:45:18.400 [user-api,,,] 10104 --- [           main] com.netflix.discovery.DiscoveryClient    : Discovery Client initialized at timestamp 1500619518400 with initial instances count: 3
2017-07-21 14:45:18.512 [user-api,,,] 10104 --- [           main] c.n.e.EurekaDiscoveryClientConfiguration : Registering application user-api with eureka with status UP
2017-07-21 14:45:18.513 [user-api,,,] 10104 --- [           main] com.netflix.discovery.DiscoveryClient    : Saw local status change event StatusChangeEvent [timestamp=1500619518513, current=UP, previous=STARTING]
2017-07-21 14:45:18.516 [user-api,,,] 10104 --- [nfoReplicator-0] com.netflix.discovery.DiscoveryClient    : DiscoveryClient_USER-API/Josiah-PC:user-api:2222: registering service...
2017-07-21 14:45:18.681 [user-api,,,] 10104 --- [nfoReplicator-0] com.netflix.discovery.DiscoveryClient    : DiscoveryClient_USER-API/Josiah-PC:user-api:2222 - registration status: 204
2017-07-21 14:45:18.697 [user-api,,,] 10104 --- [           main] s.b.c.e.t.TomcatEmbeddedServletContainer : Tomcat started on port(s): 2222 (http)
2017-07-21 14:45:18.702 [user-api,,,] 10104 --- [           main] c.n.e.EurekaDiscoveryClientConfiguration : Updating port to 2222
2017-07-21 14:45:18.714 [user-api,,,] 10104 --- [           main] com.duo.user.api.UserAPIApplication      : Started UserAPIApplication in 15.388 seconds (JVM running for 16.088)
2017-07-21 14:46:18.637 [user-api,,,] 10104 --- [nio-2222-exec-1] o.a.c.c.C.[Tomcat].[localhost].[/]       : Initializing Spring FrameworkServlet 'dispatcherServlet'
2017-07-21 14:46:18.637 [user-api,,,] 10104 --- [nio-2222-exec-1] o.s.web.servlet.DispatcherServlet        : FrameworkServlet 'dispatcherServlet': initialization started
2017-07-21 14:46:18.698 [user-api,,,] 10104 --- [nio-2222-exec-1] o.s.web.servlet.DispatcherServlet        : FrameworkServlet 'dispatcherServlet': initialization completed in 61 ms
2017-07-21 14:50:18.128 [user-api,,,] 10104 --- [trap-executor-0] c.n.d.s.r.aws.ConfigClusterResolver      : Resolving eureka endpoints via configuration
2017-07-21 14:50:44.841 [user-api,,,] 10772 --- [           main] s.c.a.AnnotationConfigApplicationContext : Refreshing org.springframework.context.annotation.AnnotationConfigApplicationContext@38be305c: startup date [Fri Jul 21 14:50:44 CST 2017]; root of context hierarchy
2017-07-21 14:50:45.422 [user-api,,,] 10772 --- [           main] f.a.AutowiredAnnotationBeanPostProcessor : JSR-330 'javax.inject.Inject' annotation found and supported for autowiring
2017-07-21 14:50:45.475 [user-api,,,] 10772 --- [           main] trationDelegate$BeanPostProcessorChecker : Bean 'configurationPropertiesRebinderAutoConfiguration' of type [class org.springframework.cloud.autoconfigure.ConfigurationPropertiesRebinderAutoConfiguration$$EnhancerBySpringCGLIB$$ae5089cf] is not eligible for getting processed by all BeanPostProcessors (for example: not eligible for auto-proxying)
2017-07-21 14:50:46.396 [user-api,,,] 10772 --- [           main] com.duo.user.api.UserAPIApplication      : No active profile set, falling back to default profiles: default
2017-07-21 14:50:46.423 [user-api,,,] 10772 --- [           main] ationConfigEmbeddedWebApplicationContext : Refreshing org.springframework.boot.context.embedded.AnnotationConfigEmbeddedWebApplicationContext@6edcd0d8: startup date [Fri Jul 21 14:50:46 CST 2017]; parent: org.springframework.context.annotation.AnnotationConfigApplicationContext@38be305c
2017-07-21 14:50:47.891 [user-api,,,] 10772 --- [           main] o.s.c.a.ConfigurationClassPostProcessor  : Cannot enhance @Configuration bean definition 'refreshScope' since its singleton instance has been created too early. The typical cause is a non-static @Bean method with a BeanDefinitionRegistryPostProcessor return type: Consider declaring such methods as 'static'.
2017-07-21 14:50:48.094 [user-api,,,] 10772 --- [           main] o.s.cloud.context.scope.GenericScope     : BeanFactory id=543d0e71-6506-3c56-8715-a1ff6da10c7d
2017-07-21 14:50:48.196 [user-api,,,] 10772 --- [           main] f.a.AutowiredAnnotationBeanPostProcessor : JSR-330 'javax.inject.Inject' annotation found and supported for autowiring
2017-07-21 14:50:48.396 [user-api,,,] 10772 --- [           main] trationDelegate$BeanPostProcessorChecker : Bean 'org.springframework.transaction.annotation.ProxyTransactionManagementConfiguration' of type [class org.springframework.transaction.annotation.ProxyTransactionManagementConfiguration$$EnhancerBySpringCGLIB$$923686d2] is not eligible for getting processed by all BeanPostProcessors (for example: not eligible for auto-proxying)
2017-07-21 14:50:48.750 [user-api,,,] 10772 --- [           main] trationDelegate$BeanPostProcessorChecker : Bean 'org.springframework.cloud.autoconfigure.ConfigurationPropertiesRebinderAutoConfiguration' of type [class org.springframework.cloud.autoconfigure.ConfigurationPropertiesRebinderAutoConfiguration$$EnhancerBySpringCGLIB$$ae5089cf] is not eligible for getting processed by all BeanPostProcessors (for example: not eligible for auto-proxying)
2017-07-21 14:50:49.861 [user-api,,,] 10772 --- [           main] s.b.c.e.t.TomcatEmbeddedServletContainer : Tomcat initialized with port(s): 2222 (http)
2017-07-21 14:50:49.882 [user-api,,,] 10772 --- [           main] o.apache.catalina.core.StandardService   : Starting service Tomcat
2017-07-21 14:50:49.884 [user-api,,,] 10772 --- [           main] org.apache.catalina.core.StandardEngine  : Starting Servlet Engine: Apache Tomcat/8.5.6
2017-07-21 14:50:50.097 [user-api,,,] 10772 --- [ost-startStop-1] o.a.c.c.C.[Tomcat].[localhost].[/]       : Initializing Spring embedded WebApplicationContext
2017-07-21 14:50:50.098 [user-api,,,] 10772 --- [ost-startStop-1] o.s.web.context.ContextLoader            : Root WebApplicationContext: initialization completed in 3675 ms
2017-07-21 14:50:50.595 [user-api,,,] 10772 --- [ost-startStop-1] o.s.b.w.servlet.ServletRegistrationBean  : Mapping servlet: 'dispatcherServlet' to [/]
2017-07-21 14:50:50.608 [user-api,,,] 10772 --- [ost-startStop-1] o.s.b.w.servlet.FilterRegistrationBean   : Mapping filter: 'characterEncodingFilter' to: [/*]
2017-07-21 14:50:50.609 [user-api,,,] 10772 --- [ost-startStop-1] o.s.b.w.servlet.FilterRegistrationBean   : Mapping filter: 'hiddenHttpMethodFilter' to: [/*]
2017-07-21 14:50:50.610 [user-api,,,] 10772 --- [ost-startStop-1] o.s.b.w.servlet.FilterRegistrationBean   : Mapping filter: 'httpPutFormContentFilter' to: [/*]
2017-07-21 14:50:50.610 [user-api,,,] 10772 --- [ost-startStop-1] o.s.b.w.servlet.FilterRegistrationBean   : Mapping filter: 'requestContextFilter' to: [/*]
2017-07-21 14:50:53.892 [user-api,,,] 10772 --- [           main] s.w.s.m.m.a.RequestMappingHandlerAdapter : Looking for @ControllerAdvice: org.springframework.boot.context.embedded.AnnotationConfigEmbeddedWebApplicationContext@6edcd0d8: startup date [Fri Jul 21 14:50:46 CST 2017]; parent: org.springframework.context.annotation.AnnotationConfigApplicationContext@38be305c
2017-07-21 14:50:54.103 [user-api,,,] 10772 --- [           main] s.w.s.m.m.a.RequestMappingHandlerMapping : Mapped "{[/menuapi/list],methods=[POST]}" onto public java.util.List<com.duo.user.entity.Menu> com.duo.user.api.controller.MenuApiController.findByUserId(java.lang.String)
2017-07-21 14:50:54.131 [user-api,,,] 10772 --- [           main] s.w.s.m.m.a.RequestMappingHandlerMapping : Mapped "{[/userapi/login],methods=[POST]}" onto public com.duo.user.entity.User com.duo.user.api.controller.UserApiController.login(java.lang.String,java.lang.String)
2017-07-21 14:50:54.132 [user-api,,,] 10772 --- [           main] s.w.s.m.m.a.RequestMappingHandlerMapping : Mapped "{[/userapi/info/query/{id}],methods=[GET]}" onto public com.duo.user.entity.User com.duo.user.api.controller.UserApiController.queryUserById(java.lang.String)
2017-07-21 14:50:54.133 [user-api,,,] 10772 --- [           main] s.w.s.m.m.a.RequestMappingHandlerMapping : Mapped "{[/api/user/un/{username}/menu/top],methods=[GET]}" onto public java.lang.String com.duo.user.api.rpc.UserService.findUserTopMenu(java.lang.String)
2017-07-21 14:50:54.133 [user-api,,,] 10772 --- [           main] s.w.s.m.m.a.RequestMappingHandlerMapping : Mapped "{[/api/user/un/{username}/menu/parent/{parentId}],methods=[GET]}" onto public java.lang.String com.duo.user.api.rpc.UserService.getMenusByUsername(java.lang.String,java.lang.String)
2017-07-21 14:50:54.137 [user-api,,,] 10772 --- [           main] s.w.s.m.m.a.RequestMappingHandlerMapping : Mapped "{[/error]}" onto public org.springframework.http.ResponseEntity<java.util.Map<java.lang.String, java.lang.Object>> org.springframework.boot.autoconfigure.web.BasicErrorController.error(javax.servlet.http.HttpServletRequest)
2017-07-21 14:50:54.137 [user-api,,,] 10772 --- [           main] s.w.s.m.m.a.RequestMappingHandlerMapping : Mapped "{[/error],produces=[text/html]}" onto public org.springframework.web.servlet.ModelAndView org.springframework.boot.autoconfigure.web.BasicErrorController.errorHtml(javax.servlet.http.HttpServletRequest,javax.servlet.http.HttpServletResponse)
2017-07-21 14:50:54.282 [user-api,,,] 10772 --- [           main] o.s.w.s.handler.SimpleUrlHandlerMapping  : Mapped URL path [/webjars/**] onto handler of type [class org.springframework.web.servlet.resource.ResourceHttpRequestHandler]
2017-07-21 14:50:54.282 [user-api,,,] 10772 --- [           main] o.s.w.s.handler.SimpleUrlHandlerMapping  : Mapped URL path [/**] onto handler of type [class org.springframework.web.servlet.resource.ResourceHttpRequestHandler]
2017-07-21 14:50:54.413 [user-api,,,] 10772 --- [           main] o.s.w.s.handler.SimpleUrlHandlerMapping  : Mapped URL path [/**/favicon.ico] onto handler of type [class org.springframework.web.servlet.resource.ResourceHttpRequestHandler]
2017-07-21 14:50:55.561 [user-api,,,] 10772 --- [           main] c.n.c.sources.URLConfigurationSource     : No URLs will be polled as dynamic configuration sources.
2017-07-21 14:50:55.561 [user-api,,,] 10772 --- [           main] c.n.c.sources.URLConfigurationSource     : To enable URLs as dynamic configuration sources, define System property archaius.configurationSource.additionalUrls or make config.properties available on classpath.
2017-07-21 14:50:55.570 [user-api,,,] 10772 --- [           main] c.n.c.sources.URLConfigurationSource     : No URLs will be polled as dynamic configuration sources.
2017-07-21 14:50:55.571 [user-api,,,] 10772 --- [           main] c.n.c.sources.URLConfigurationSource     : To enable URLs as dynamic configuration sources, define System property archaius.configurationSource.additionalUrls or make config.properties available on classpath.
2017-07-21 14:50:55.978 [user-api,,,] 10772 --- [           main] o.s.j.e.a.AnnotationMBeanExporter        : Registering beans for JMX exposure on startup
2017-07-21 14:50:55.990 [user-api,,,] 10772 --- [           main] o.s.j.e.a.AnnotationMBeanExporter        : Bean with name 'refreshScope' has been autodetected for JMX exposure
2017-07-21 14:50:55.991 [user-api,,,] 10772 --- [           main] o.s.j.e.a.AnnotationMBeanExporter        : Bean with name 'environmentManager' has been autodetected for JMX exposure
2017-07-21 14:50:55.993 [user-api,,,] 10772 --- [           main] o.s.j.e.a.AnnotationMBeanExporter        : Bean with name 'configurationPropertiesRebinder' has been autodetected for JMX exposure
2017-07-21 14:50:55.998 [user-api,,,] 10772 --- [           main] o.s.j.e.a.AnnotationMBeanExporter        : Located managed bean 'environmentManager': registering with JMX server as MBean [org.springframework.cloud.context.environment:name=environmentManager,type=EnvironmentManager]
2017-07-21 14:50:56.016 [user-api,,,] 10772 --- [           main] o.s.j.e.a.AnnotationMBeanExporter        : Located managed bean 'refreshScope': registering with JMX server as MBean [org.springframework.cloud.context.scope.refresh:name=refreshScope,type=RefreshScope]
2017-07-21 14:50:56.040 [user-api,,,] 10772 --- [           main] o.s.j.e.a.AnnotationMBeanExporter        : Located managed bean 'configurationPropertiesRebinder': registering with JMX server as MBean [org.springframework.cloud.context.properties:name=configurationPropertiesRebinder,context=6edcd0d8,type=ConfigurationPropertiesRebinder]
2017-07-21 14:50:56.248 [user-api,,,] 10772 --- [           main] o.s.c.support.DefaultLifecycleProcessor  : Starting beans in phase 0
2017-07-21 14:50:56.263 [user-api,,,] 10772 --- [           main] o.s.c.n.eureka.InstanceInfoFactory       : Setting initial instance status as: STARTING
2017-07-21 14:50:57.072 [user-api,,,] 10772 --- [           main] c.n.d.provider.DiscoveryJerseyProvider   : Using JSON encoding codec LegacyJacksonJson
2017-07-21 14:50:57.075 [user-api,,,] 10772 --- [           main] c.n.d.provider.DiscoveryJerseyProvider   : Using JSON decoding codec LegacyJacksonJson
2017-07-21 14:50:57.279 [user-api,,,] 10772 --- [           main] c.n.d.provider.DiscoveryJerseyProvider   : Using XML encoding codec XStreamXml
2017-07-21 14:50:57.280 [user-api,,,] 10772 --- [           main] c.n.d.provider.DiscoveryJerseyProvider   : Using XML decoding codec XStreamXml
2017-07-21 14:50:57.930 [user-api,,,] 10772 --- [           main] c.n.d.s.r.aws.ConfigClusterResolver      : Resolving eureka endpoints via configuration
2017-07-21 14:50:58.256 [user-api,,,] 10772 --- [           main] com.netflix.discovery.DiscoveryClient    : Disable delta property : false
2017-07-21 14:50:58.257 [user-api,,,] 10772 --- [           main] com.netflix.discovery.DiscoveryClient    : Single vip registry refresh property : null
2017-07-21 14:50:58.257 [user-api,,,] 10772 --- [           main] com.netflix.discovery.DiscoveryClient    : Force full registry fetch : false
2017-07-21 14:50:58.257 [user-api,,,] 10772 --- [           main] com.netflix.discovery.DiscoveryClient    : Application is null : false
2017-07-21 14:50:58.257 [user-api,,,] 10772 --- [           main] com.netflix.discovery.DiscoveryClient    : Registered Applications size is zero : true
2017-07-21 14:50:58.257 [user-api,,,] 10772 --- [           main] com.netflix.discovery.DiscoveryClient    : Application version is -1: true
2017-07-21 14:50:58.257 [user-api,,,] 10772 --- [           main] com.netflix.discovery.DiscoveryClient    : Getting all instance registry info from the eureka server
2017-07-21 14:50:58.546 [user-api,,,] 10772 --- [           main] com.netflix.discovery.DiscoveryClient    : The response status is 200
2017-07-21 14:50:58.549 [user-api,,,] 10772 --- [           main] com.netflix.discovery.DiscoveryClient    : Starting heartbeat executor: renew interval is: 30
2017-07-21 14:50:58.554 [user-api,,,] 10772 --- [           main] c.n.discovery.InstanceInfoReplicator     : InstanceInfoReplicator onDemand update allowed rate per min is 4
2017-07-21 14:50:58.560 [user-api,,,] 10772 --- [           main] com.netflix.discovery.DiscoveryClient    : Discovery Client initialized at timestamp 1500619858559 with initial instances count: 2
2017-07-21 14:50:58.706 [user-api,,,] 10772 --- [           main] c.n.e.EurekaDiscoveryClientConfiguration : Registering application user-api with eureka with status UP
2017-07-21 14:50:58.707 [user-api,,,] 10772 --- [           main] com.netflix.discovery.DiscoveryClient    : Saw local status change event StatusChangeEvent [timestamp=1500619858707, current=UP, previous=STARTING]
2017-07-21 14:50:58.709 [user-api,,,] 10772 --- [nfoReplicator-0] com.netflix.discovery.DiscoveryClient    : DiscoveryClient_USER-API/Josiah-PC:user-api:2222: registering service...
2017-07-21 14:50:58.805 [user-api,,,] 10772 --- [nfoReplicator-0] com.netflix.discovery.DiscoveryClient    : DiscoveryClient_USER-API/Josiah-PC:user-api:2222 - registration status: 204
2017-07-21 14:50:58.830 [user-api,,,] 10772 --- [           main] s.b.c.e.t.TomcatEmbeddedServletContainer : Tomcat started on port(s): 2222 (http)
2017-07-21 14:50:58.831 [user-api,,,] 10772 --- [           main] c.n.e.EurekaDiscoveryClientConfiguration : Updating port to 2222
2017-07-21 14:50:58.837 [user-api,,,] 10772 --- [           main] com.duo.user.api.UserAPIApplication      : Started UserAPIApplication in 15.61 seconds (JVM running for 16.287)
2017-07-21 14:51:57.940 [user-api,,,] 10772 --- [nio-2222-exec-1] o.a.c.c.C.[Tomcat].[localhost].[/]       : Initializing Spring FrameworkServlet 'dispatcherServlet'
2017-07-21 14:51:57.941 [user-api,,,] 10772 --- [nio-2222-exec-1] o.s.web.servlet.DispatcherServlet        : FrameworkServlet 'dispatcherServlet': initialization started
2017-07-21 14:51:58.003 [user-api,,,] 10772 --- [nio-2222-exec-1] o.s.web.servlet.DispatcherServlet        : FrameworkServlet 'dispatcherServlet': initialization completed in 61 ms
2017-07-21 14:55:58.268 [user-api,,,] 10772 --- [trap-executor-0] c.n.d.s.r.aws.ConfigClusterResolver      : Resolving eureka endpoints via configuration
2017-07-21 15:08:13.577 [user-api,,,] 9112 --- [           main] s.c.a.AnnotationConfigApplicationContext : Refreshing org.springframework.context.annotation.AnnotationConfigApplicationContext@4b29d1d2: startup date [Fri Jul 21 15:08:13 CST 2017]; root of context hierarchy
2017-07-21 15:08:14.258 [user-api,,,] 9112 --- [           main] f.a.AutowiredAnnotationBeanPostProcessor : JSR-330 'javax.inject.Inject' annotation found and supported for autowiring
2017-07-21 15:08:14.301 [user-api,,,] 9112 --- [           main] trationDelegate$BeanPostProcessorChecker : Bean 'configurationPropertiesRebinderAutoConfiguration' of type [class org.springframework.cloud.autoconfigure.ConfigurationPropertiesRebinderAutoConfiguration$$EnhancerBySpringCGLIB$$7095a3d3] is not eligible for getting processed by all BeanPostProcessors (for example: not eligible for auto-proxying)
2017-07-21 15:08:15.124 [user-api,,,] 9112 --- [           main] com.duo.user.api.UserAPIApplication      : No active profile set, falling back to default profiles: default
2017-07-21 15:08:15.145 [user-api,,,] 9112 --- [           main] ationConfigEmbeddedWebApplicationContext : Refreshing org.springframework.boot.context.embedded.AnnotationConfigEmbeddedWebApplicationContext@a776e: startup date [Fri Jul 21 15:08:15 CST 2017]; parent: org.springframework.context.annotation.AnnotationConfigApplicationContext@4b29d1d2
2017-07-21 15:08:16.270 [user-api,,,] 9112 --- [           main] o.s.c.a.ConfigurationClassPostProcessor  : Cannot enhance @Configuration bean definition 'refreshScope' since its singleton instance has been created too early. The typical cause is a non-static @Bean method with a BeanDefinitionRegistryPostProcessor return type: Consider declaring such methods as 'static'.
2017-07-21 15:08:16.446 [user-api,,,] 9112 --- [           main] o.s.cloud.context.scope.GenericScope     : BeanFactory id=543d0e71-6506-3c56-8715-a1ff6da10c7d
2017-07-21 15:08:16.526 [user-api,,,] 9112 --- [           main] f.a.AutowiredAnnotationBeanPostProcessor : JSR-330 'javax.inject.Inject' annotation found and supported for autowiring
2017-07-21 15:08:16.718 [user-api,,,] 9112 --- [           main] trationDelegate$BeanPostProcessorChecker : Bean 'org.springframework.transaction.annotation.ProxyTransactionManagementConfiguration' of type [class org.springframework.transaction.annotation.ProxyTransactionManagementConfiguration$$EnhancerBySpringCGLIB$$547ba0d6] is not eligible for getting processed by all BeanPostProcessors (for example: not eligible for auto-proxying)
2017-07-21 15:08:17.082 [user-api,,,] 9112 --- [           main] trationDelegate$BeanPostProcessorChecker : Bean 'org.springframework.cloud.autoconfigure.ConfigurationPropertiesRebinderAutoConfiguration' of type [class org.springframework.cloud.autoconfigure.ConfigurationPropertiesRebinderAutoConfiguration$$EnhancerBySpringCGLIB$$7095a3d3] is not eligible for getting processed by all BeanPostProcessors (for example: not eligible for auto-proxying)
2017-07-21 15:08:17.982 [user-api,,,] 9112 --- [           main] s.b.c.e.t.TomcatEmbeddedServletContainer : Tomcat initialized with port(s): 2222 (http)
2017-07-21 15:08:18.002 [user-api,,,] 9112 --- [           main] o.apache.catalina.core.StandardService   : Starting service Tomcat
2017-07-21 15:08:18.003 [user-api,,,] 9112 --- [           main] org.apache.catalina.core.StandardEngine  : Starting Servlet Engine: Apache Tomcat/8.5.6
2017-07-21 15:08:18.177 [user-api,,,] 9112 --- [ost-startStop-1] o.a.c.c.C.[Tomcat].[localhost].[/]       : Initializing Spring embedded WebApplicationContext
2017-07-21 15:08:18.177 [user-api,,,] 9112 --- [ost-startStop-1] o.s.web.context.ContextLoader            : Root WebApplicationContext: initialization completed in 3032 ms
2017-07-21 15:08:18.540 [user-api,,,] 9112 --- [ost-startStop-1] o.s.b.w.servlet.ServletRegistrationBean  : Mapping servlet: 'dispatcherServlet' to [/]
2017-07-21 15:08:18.547 [user-api,,,] 9112 --- [ost-startStop-1] o.s.b.w.servlet.FilterRegistrationBean   : Mapping filter: 'characterEncodingFilter' to: [/*]
2017-07-21 15:08:18.548 [user-api,,,] 9112 --- [ost-startStop-1] o.s.b.w.servlet.FilterRegistrationBean   : Mapping filter: 'hiddenHttpMethodFilter' to: [/*]
2017-07-21 15:08:18.548 [user-api,,,] 9112 --- [ost-startStop-1] o.s.b.w.servlet.FilterRegistrationBean   : Mapping filter: 'httpPutFormContentFilter' to: [/*]
2017-07-21 15:08:18.549 [user-api,,,] 9112 --- [ost-startStop-1] o.s.b.w.servlet.FilterRegistrationBean   : Mapping filter: 'requestContextFilter' to: [/*]
2017-07-21 15:08:21.395 [user-api,,,] 9112 --- [           main] s.w.s.m.m.a.RequestMappingHandlerAdapter : Looking for @ControllerAdvice: org.springframework.boot.context.embedded.AnnotationConfigEmbeddedWebApplicationContext@a776e: startup date [Fri Jul 21 15:08:15 CST 2017]; parent: org.springframework.context.annotation.AnnotationConfigApplicationContext@4b29d1d2
2017-07-21 15:08:21.566 [user-api,,,] 9112 --- [           main] s.w.s.m.m.a.RequestMappingHandlerMapping : Mapped "{[/menuapi/list],methods=[POST]}" onto public java.util.List<com.duo.user.entity.Menu> com.duo.user.api.controller.MenuApiController.findByUserId(java.lang.String)
2017-07-21 15:08:21.569 [user-api,,,] 9112 --- [           main] s.w.s.m.m.a.RequestMappingHandlerMapping : Mapped "{[/userapi/login],methods=[POST]}" onto public com.duo.user.entity.User com.duo.user.api.controller.UserApiController.login(java.lang.String,java.lang.String)
2017-07-21 15:08:21.569 [user-api,,,] 9112 --- [           main] s.w.s.m.m.a.RequestMappingHandlerMapping : Mapped "{[/userapi/info/query/{id}],methods=[GET]}" onto public com.duo.user.entity.User com.duo.user.api.controller.UserApiController.queryUserById(java.lang.String)
2017-07-21 15:08:21.571 [user-api,,,] 9112 --- [           main] s.w.s.m.m.a.RequestMappingHandlerMapping : Mapped "{[/api/user/un/{username}/menu/parent/{parentId}],methods=[GET]}" onto public java.lang.String com.duo.user.api.rpc.UserService.getMenusByUsername(java.lang.String,java.lang.String)
2017-07-21 15:08:21.571 [user-api,,,] 9112 --- [           main] s.w.s.m.m.a.RequestMappingHandlerMapping : Mapped "{[/api/user/un/{username}/menu/top],methods=[GET]}" onto public java.lang.String com.duo.user.api.rpc.UserService.findUserTopMenu(java.lang.String)
2017-07-21 15:08:21.573 [user-api,,,] 9112 --- [           main] s.w.s.m.m.a.RequestMappingHandlerMapping : Mapped "{[/error]}" onto public org.springframework.http.ResponseEntity<java.util.Map<java.lang.String, java.lang.Object>> org.springframework.boot.autoconfigure.web.BasicErrorController.error(javax.servlet.http.HttpServletRequest)
2017-07-21 15:08:21.574 [user-api,,,] 9112 --- [           main] s.w.s.m.m.a.RequestMappingHandlerMapping : Mapped "{[/error],produces=[text/html]}" onto public org.springframework.web.servlet.ModelAndView org.springframework.boot.autoconfigure.web.BasicErrorController.errorHtml(javax.servlet.http.HttpServletRequest,javax.servlet.http.HttpServletResponse)
2017-07-21 15:08:21.744 [user-api,,,] 9112 --- [           main] o.s.w.s.handler.SimpleUrlHandlerMapping  : Mapped URL path [/webjars/**] onto handler of type [class org.springframework.web.servlet.resource.ResourceHttpRequestHandler]
2017-07-21 15:08:21.744 [user-api,,,] 9112 --- [           main] o.s.w.s.handler.SimpleUrlHandlerMapping  : Mapped URL path [/**] onto handler of type [class org.springframework.web.servlet.resource.ResourceHttpRequestHandler]
2017-07-21 15:08:21.840 [user-api,,,] 9112 --- [           main] o.s.w.s.handler.SimpleUrlHandlerMapping  : Mapped URL path [/**/favicon.ico] onto handler of type [class org.springframework.web.servlet.resource.ResourceHttpRequestHandler]
2017-07-21 15:08:22.890 [user-api,,,] 9112 --- [           main] c.n.c.sources.URLConfigurationSource     : No URLs will be polled as dynamic configuration sources.
2017-07-21 15:08:22.891 [user-api,,,] 9112 --- [           main] c.n.c.sources.URLConfigurationSource     : To enable URLs as dynamic configuration sources, define System property archaius.configurationSource.additionalUrls or make config.properties available on classpath.
2017-07-21 15:08:22.901 [user-api,,,] 9112 --- [           main] c.n.c.sources.URLConfigurationSource     : No URLs will be polled as dynamic configuration sources.
2017-07-21 15:08:22.901 [user-api,,,] 9112 --- [           main] c.n.c.sources.URLConfigurationSource     : To enable URLs as dynamic configuration sources, define System property archaius.configurationSource.additionalUrls or make config.properties available on classpath.
2017-07-21 15:08:23.061 [user-api,,,] 9112 --- [           main] o.s.j.e.a.AnnotationMBeanExporter        : Registering beans for JMX exposure on startup
2017-07-21 15:08:23.075 [user-api,,,] 9112 --- [           main] o.s.j.e.a.AnnotationMBeanExporter        : Bean with name 'refreshScope' has been autodetected for JMX exposure
2017-07-21 15:08:23.076 [user-api,,,] 9112 --- [           main] o.s.j.e.a.AnnotationMBeanExporter        : Bean with name 'environmentManager' has been autodetected for JMX exposure
2017-07-21 15:08:23.079 [user-api,,,] 9112 --- [           main] o.s.j.e.a.AnnotationMBeanExporter        : Bean with name 'configurationPropertiesRebinder' has been autodetected for JMX exposure
2017-07-21 15:08:23.081 [user-api,,,] 9112 --- [           main] o.s.j.e.a.AnnotationMBeanExporter        : Located managed bean 'environmentManager': registering with JMX server as MBean [org.springframework.cloud.context.environment:name=environmentManager,type=EnvironmentManager]
2017-07-21 15:08:23.095 [user-api,,,] 9112 --- [           main] o.s.j.e.a.AnnotationMBeanExporter        : Located managed bean 'refreshScope': registering with JMX server as MBean [org.springframework.cloud.context.scope.refresh:name=refreshScope,type=RefreshScope]
2017-07-21 15:08:23.110 [user-api,,,] 9112 --- [           main] o.s.j.e.a.AnnotationMBeanExporter        : Located managed bean 'configurationPropertiesRebinder': registering with JMX server as MBean [org.springframework.cloud.context.properties:name=configurationPropertiesRebinder,context=a776e,type=ConfigurationPropertiesRebinder]
2017-07-21 15:08:23.337 [user-api,,,] 9112 --- [           main] o.s.c.support.DefaultLifecycleProcessor  : Starting beans in phase 0
2017-07-21 15:08:23.349 [user-api,,,] 9112 --- [           main] o.s.c.n.eureka.InstanceInfoFactory       : Setting initial instance status as: STARTING
2017-07-21 15:08:24.195 [user-api,,,] 9112 --- [           main] c.n.d.provider.DiscoveryJerseyProvider   : Using JSON encoding codec LegacyJacksonJson
2017-07-21 15:08:24.198 [user-api,,,] 9112 --- [           main] c.n.d.provider.DiscoveryJerseyProvider   : Using JSON decoding codec LegacyJacksonJson
2017-07-21 15:08:24.436 [user-api,,,] 9112 --- [           main] c.n.d.provider.DiscoveryJerseyProvider   : Using XML encoding codec XStreamXml
2017-07-21 15:08:24.437 [user-api,,,] 9112 --- [           main] c.n.d.provider.DiscoveryJerseyProvider   : Using XML decoding codec XStreamXml
2017-07-21 15:08:24.909 [user-api,,,] 9112 --- [           main] c.n.d.s.r.aws.ConfigClusterResolver      : Resolving eureka endpoints via configuration
2017-07-21 15:08:25.178 [user-api,,,] 9112 --- [           main] com.netflix.discovery.DiscoveryClient    : Disable delta property : false
2017-07-21 15:08:25.178 [user-api,,,] 9112 --- [           main] com.netflix.discovery.DiscoveryClient    : Single vip registry refresh property : null
2017-07-21 15:08:25.178 [user-api,,,] 9112 --- [           main] com.netflix.discovery.DiscoveryClient    : Force full registry fetch : false
2017-07-21 15:08:25.178 [user-api,,,] 9112 --- [           main] com.netflix.discovery.DiscoveryClient    : Application is null : false
2017-07-21 15:08:25.178 [user-api,,,] 9112 --- [           main] com.netflix.discovery.DiscoveryClient    : Registered Applications size is zero : true
2017-07-21 15:08:25.178 [user-api,,,] 9112 --- [           main] com.netflix.discovery.DiscoveryClient    : Application version is -1: true
2017-07-21 15:08:25.178 [user-api,,,] 9112 --- [           main] com.netflix.discovery.DiscoveryClient    : Getting all instance registry info from the eureka server
2017-07-21 15:08:25.374 [user-api,,,] 9112 --- [           main] com.netflix.discovery.DiscoveryClient    : The response status is 200
2017-07-21 15:08:25.377 [user-api,,,] 9112 --- [           main] com.netflix.discovery.DiscoveryClient    : Starting heartbeat executor: renew interval is: 30
2017-07-21 15:08:25.380 [user-api,,,] 9112 --- [           main] c.n.discovery.InstanceInfoReplicator     : InstanceInfoReplicator onDemand update allowed rate per min is 4
2017-07-21 15:08:25.384 [user-api,,,] 9112 --- [           main] com.netflix.discovery.DiscoveryClient    : Discovery Client initialized at timestamp 1500620905384 with initial instances count: 2
2017-07-21 15:08:25.504 [user-api,,,] 9112 --- [           main] c.n.e.EurekaDiscoveryClientConfiguration : Registering application user-api with eureka with status UP
2017-07-21 15:08:25.505 [user-api,,,] 9112 --- [           main] com.netflix.discovery.DiscoveryClient    : Saw local status change event StatusChangeEvent [timestamp=1500620905505, current=UP, previous=STARTING]
2017-07-21 15:08:25.514 [user-api,,,] 9112 --- [nfoReplicator-0] com.netflix.discovery.DiscoveryClient    : DiscoveryClient_USER-API/Josiah-PC:user-api:2222: registering service...
2017-07-21 15:08:25.622 [user-api,,,] 9112 --- [           main] s.b.c.e.t.TomcatEmbeddedServletContainer : Tomcat started on port(s): 2222 (http)
2017-07-21 15:08:25.624 [user-api,,,] 9112 --- [           main] c.n.e.EurekaDiscoveryClientConfiguration : Updating port to 2222
2017-07-21 15:08:25.629 [user-api,,,] 9112 --- [           main] com.duo.user.api.UserAPIApplication      : Started UserAPIApplication in 13.378 seconds (JVM running for 13.918)
2017-07-21 15:08:25.630 [user-api,,,] 9112 --- [nfoReplicator-0] com.netflix.discovery.DiscoveryClient    : DiscoveryClient_USER-API/Josiah-PC:user-api:2222 - registration status: 204
2017-07-21 15:08:49.407 [user-api,,,] 8332 --- [           main] s.c.a.AnnotationConfigApplicationContext : Refreshing org.springframework.context.annotation.AnnotationConfigApplicationContext@4b29d1d2: startup date [Fri Jul 21 15:08:49 CST 2017]; root of context hierarchy
2017-07-21 15:08:50.086 [user-api,,,] 8332 --- [           main] f.a.AutowiredAnnotationBeanPostProcessor : JSR-330 'javax.inject.Inject' annotation found and supported for autowiring
2017-07-21 15:08:50.118 [user-api,,,] 8332 --- [           main] trationDelegate$BeanPostProcessorChecker : Bean 'configurationPropertiesRebinderAutoConfiguration' of type [class org.springframework.cloud.autoconfigure.ConfigurationPropertiesRebinderAutoConfiguration$$EnhancerBySpringCGLIB$$7095a3d3] is not eligible for getting processed by all BeanPostProcessors (for example: not eligible for auto-proxying)
2017-07-21 15:08:50.957 [user-api,,,] 8332 --- [           main] com.duo.user.api.UserAPIApplication      : No active profile set, falling back to default profiles: default
2017-07-21 15:08:50.976 [user-api,,,] 8332 --- [           main] ationConfigEmbeddedWebApplicationContext : Refreshing org.springframework.boot.context.embedded.AnnotationConfigEmbeddedWebApplicationContext@a776e: startup date [Fri Jul 21 15:08:50 CST 2017]; parent: org.springframework.context.annotation.AnnotationConfigApplicationContext@4b29d1d2
2017-07-21 15:08:52.066 [user-api,,,] 8332 --- [           main] o.s.c.a.ConfigurationClassPostProcessor  : Cannot enhance @Configuration bean definition 'refreshScope' since its singleton instance has been created too early. The typical cause is a non-static @Bean method with a BeanDefinitionRegistryPostProcessor return type: Consider declaring such methods as 'static'.
2017-07-21 15:08:52.255 [user-api,,,] 8332 --- [           main] o.s.cloud.context.scope.GenericScope     : BeanFactory id=543d0e71-6506-3c56-8715-a1ff6da10c7d
2017-07-21 15:08:52.336 [user-api,,,] 8332 --- [           main] f.a.AutowiredAnnotationBeanPostProcessor : JSR-330 'javax.inject.Inject' annotation found and supported for autowiring
2017-07-21 15:08:52.499 [user-api,,,] 8332 --- [           main] trationDelegate$BeanPostProcessorChecker : Bean 'org.springframework.transaction.annotation.ProxyTransactionManagementConfiguration' of type [class org.springframework.transaction.annotation.ProxyTransactionManagementConfiguration$$EnhancerBySpringCGLIB$$547ba0d6] is not eligible for getting processed by all BeanPostProcessors (for example: not eligible for auto-proxying)
2017-07-21 15:08:52.833 [user-api,,,] 8332 --- [           main] trationDelegate$BeanPostProcessorChecker : Bean 'org.springframework.cloud.autoconfigure.ConfigurationPropertiesRebinderAutoConfiguration' of type [class org.springframework.cloud.autoconfigure.ConfigurationPropertiesRebinderAutoConfiguration$$EnhancerBySpringCGLIB$$7095a3d3] is not eligible for getting processed by all BeanPostProcessors (for example: not eligible for auto-proxying)
2017-07-21 15:08:53.855 [user-api,,,] 8332 --- [           main] s.b.c.e.t.TomcatEmbeddedServletContainer : Tomcat initialized with port(s): 2222 (http)
2017-07-21 15:08:53.874 [user-api,,,] 8332 --- [           main] o.apache.catalina.core.StandardService   : Starting service Tomcat
2017-07-21 15:08:53.920 [user-api,,,] 8332 --- [           main] org.apache.catalina.core.StandardEngine  : Starting Servlet Engine: Apache Tomcat/8.5.6
2017-07-21 15:08:54.110 [user-api,,,] 8332 --- [ost-startStop-1] o.a.c.c.C.[Tomcat].[localhost].[/]       : Initializing Spring embedded WebApplicationContext
2017-07-21 15:08:54.111 [user-api,,,] 8332 --- [ost-startStop-1] o.s.web.context.ContextLoader            : Root WebApplicationContext: initialization completed in 3135 ms
2017-07-21 15:08:54.491 [user-api,,,] 8332 --- [ost-startStop-1] o.s.b.w.servlet.ServletRegistrationBean  : Mapping servlet: 'dispatcherServlet' to [/]
2017-07-21 15:08:54.499 [user-api,,,] 8332 --- [ost-startStop-1] o.s.b.w.servlet.FilterRegistrationBean   : Mapping filter: 'characterEncodingFilter' to: [/*]
2017-07-21 15:08:54.500 [user-api,,,] 8332 --- [ost-startStop-1] o.s.b.w.servlet.FilterRegistrationBean   : Mapping filter: 'hiddenHttpMethodFilter' to: [/*]
2017-07-21 15:08:54.500 [user-api,,,] 8332 --- [ost-startStop-1] o.s.b.w.servlet.FilterRegistrationBean   : Mapping filter: 'httpPutFormContentFilter' to: [/*]
2017-07-21 15:08:54.501 [user-api,,,] 8332 --- [ost-startStop-1] o.s.b.w.servlet.FilterRegistrationBean   : Mapping filter: 'requestContextFilter' to: [/*]
2017-07-21 15:08:56.911 [user-api,,,] 8332 --- [           main] s.w.s.m.m.a.RequestMappingHandlerAdapter : Looking for @ControllerAdvice: org.springframework.boot.context.embedded.AnnotationConfigEmbeddedWebApplicationContext@a776e: startup date [Fri Jul 21 15:08:50 CST 2017]; parent: org.springframework.context.annotation.AnnotationConfigApplicationContext@4b29d1d2
2017-07-21 15:08:57.055 [user-api,,,] 8332 --- [           main] s.w.s.m.m.a.RequestMappingHandlerMapping : Mapped "{[/menuapi/list],methods=[POST]}" onto public java.util.List<com.duo.user.entity.Menu> com.duo.user.api.controller.MenuApiController.findByUserId(java.lang.String)
2017-07-21 15:08:57.057 [user-api,,,] 8332 --- [           main] s.w.s.m.m.a.RequestMappingHandlerMapping : Mapped "{[/userapi/login],methods=[POST]}" onto public com.duo.user.entity.User com.duo.user.api.controller.UserApiController.login(java.lang.String,java.lang.String)
2017-07-21 15:08:57.058 [user-api,,,] 8332 --- [           main] s.w.s.m.m.a.RequestMappingHandlerMapping : Mapped "{[/userapi/info/query/{id}],methods=[GET]}" onto public com.duo.user.entity.User com.duo.user.api.controller.UserApiController.queryUserById(java.lang.String)
2017-07-21 15:08:57.059 [user-api,,,] 8332 --- [           main] s.w.s.m.m.a.RequestMappingHandlerMapping : Mapped "{[/api/user/un/{username}/menu/parent/{parentId}],methods=[GET]}" onto public java.lang.String com.duo.user.api.rpc.UserService.getMenusByUsername(java.lang.String,java.lang.String)
2017-07-21 15:08:57.060 [user-api,,,] 8332 --- [           main] s.w.s.m.m.a.RequestMappingHandlerMapping : Mapped "{[/api/user/un/{username}/menu/top],methods=[GET]}" onto public java.lang.String com.duo.user.api.rpc.UserService.findUserTopMenu(java.lang.String)
2017-07-21 15:08:57.062 [user-api,,,] 8332 --- [           main] s.w.s.m.m.a.RequestMappingHandlerMapping : Mapped "{[/error]}" onto public org.springframework.http.ResponseEntity<java.util.Map<java.lang.String, java.lang.Object>> org.springframework.boot.autoconfigure.web.BasicErrorController.error(javax.servlet.http.HttpServletRequest)
2017-07-21 15:08:57.063 [user-api,,,] 8332 --- [           main] s.w.s.m.m.a.RequestMappingHandlerMapping : Mapped "{[/error],produces=[text/html]}" onto public org.springframework.web.servlet.ModelAndView org.springframework.boot.autoconfigure.web.BasicErrorController.errorHtml(javax.servlet.http.HttpServletRequest,javax.servlet.http.HttpServletResponse)
2017-07-21 15:08:57.195 [user-api,,,] 8332 --- [           main] o.s.w.s.handler.SimpleUrlHandlerMapping  : Mapped URL path [/webjars/**] onto handler of type [class org.springframework.web.servlet.resource.ResourceHttpRequestHandler]
2017-07-21 15:08:57.195 [user-api,,,] 8332 --- [           main] o.s.w.s.handler.SimpleUrlHandlerMapping  : Mapped URL path [/**] onto handler of type [class org.springframework.web.servlet.resource.ResourceHttpRequestHandler]
2017-07-21 15:08:57.298 [user-api,,,] 8332 --- [           main] o.s.w.s.handler.SimpleUrlHandlerMapping  : Mapped URL path [/**/favicon.ico] onto handler of type [class org.springframework.web.servlet.resource.ResourceHttpRequestHandler]
2017-07-21 15:08:58.288 [user-api,,,] 8332 --- [           main] c.n.c.sources.URLConfigurationSource     : No URLs will be polled as dynamic configuration sources.
2017-07-21 15:08:58.288 [user-api,,,] 8332 --- [           main] c.n.c.sources.URLConfigurationSource     : To enable URLs as dynamic configuration sources, define System property archaius.configurationSource.additionalUrls or make config.properties available on classpath.
2017-07-21 15:08:58.296 [user-api,,,] 8332 --- [           main] c.n.c.sources.URLConfigurationSource     : No URLs will be polled as dynamic configuration sources.
2017-07-21 15:08:58.296 [user-api,,,] 8332 --- [           main] c.n.c.sources.URLConfigurationSource     : To enable URLs as dynamic configuration sources, define System property archaius.configurationSource.additionalUrls or make config.properties available on classpath.
2017-07-21 15:08:58.436 [user-api,,,] 8332 --- [           main] o.s.j.e.a.AnnotationMBeanExporter        : Registering beans for JMX exposure on startup
2017-07-21 15:08:58.450 [user-api,,,] 8332 --- [           main] o.s.j.e.a.AnnotationMBeanExporter        : Bean with name 'refreshScope' has been autodetected for JMX exposure
2017-07-21 15:08:58.451 [user-api,,,] 8332 --- [           main] o.s.j.e.a.AnnotationMBeanExporter        : Bean with name 'environmentManager' has been autodetected for JMX exposure
2017-07-21 15:08:58.453 [user-api,,,] 8332 --- [           main] o.s.j.e.a.AnnotationMBeanExporter        : Bean with name 'configurationPropertiesRebinder' has been autodetected for JMX exposure
2017-07-21 15:08:58.457 [user-api,,,] 8332 --- [           main] o.s.j.e.a.AnnotationMBeanExporter        : Located managed bean 'environmentManager': registering with JMX server as MBean [org.springframework.cloud.context.environment:name=environmentManager,type=EnvironmentManager]
2017-07-21 15:08:58.475 [user-api,,,] 8332 --- [           main] o.s.j.e.a.AnnotationMBeanExporter        : Located managed bean 'refreshScope': registering with JMX server as MBean [org.springframework.cloud.context.scope.refresh:name=refreshScope,type=RefreshScope]
2017-07-21 15:08:58.491 [user-api,,,] 8332 --- [           main] o.s.j.e.a.AnnotationMBeanExporter        : Located managed bean 'configurationPropertiesRebinder': registering with JMX server as MBean [org.springframework.cloud.context.properties:name=configurationPropertiesRebinder,context=a776e,type=ConfigurationPropertiesRebinder]
2017-07-21 15:08:58.686 [user-api,,,] 8332 --- [           main] o.s.c.support.DefaultLifecycleProcessor  : Starting beans in phase 0
2017-07-21 15:08:58.702 [user-api,,,] 8332 --- [           main] o.s.c.n.eureka.InstanceInfoFactory       : Setting initial instance status as: STARTING
2017-07-21 15:08:59.475 [user-api,,,] 8332 --- [           main] c.n.d.provider.DiscoveryJerseyProvider   : Using JSON encoding codec LegacyJacksonJson
2017-07-21 15:08:59.477 [user-api,,,] 8332 --- [           main] c.n.d.provider.DiscoveryJerseyProvider   : Using JSON decoding codec LegacyJacksonJson
2017-07-21 15:08:59.654 [user-api,,,] 8332 --- [           main] c.n.d.provider.DiscoveryJerseyProvider   : Using XML encoding codec XStreamXml
2017-07-21 15:08:59.654 [user-api,,,] 8332 --- [           main] c.n.d.provider.DiscoveryJerseyProvider   : Using XML decoding codec XStreamXml
2017-07-21 15:09:00.064 [user-api,,,] 8332 --- [           main] c.n.d.s.r.aws.ConfigClusterResolver      : Resolving eureka endpoints via configuration
2017-07-21 15:09:00.288 [user-api,,,] 8332 --- [           main] com.netflix.discovery.DiscoveryClient    : Disable delta property : false
2017-07-21 15:09:00.288 [user-api,,,] 8332 --- [           main] com.netflix.discovery.DiscoveryClient    : Single vip registry refresh property : null
2017-07-21 15:09:00.288 [user-api,,,] 8332 --- [           main] com.netflix.discovery.DiscoveryClient    : Force full registry fetch : false
2017-07-21 15:09:00.288 [user-api,,,] 8332 --- [           main] com.netflix.discovery.DiscoveryClient    : Application is null : false
2017-07-21 15:09:00.288 [user-api,,,] 8332 --- [           main] com.netflix.discovery.DiscoveryClient    : Registered Applications size is zero : true
2017-07-21 15:09:00.288 [user-api,,,] 8332 --- [           main] com.netflix.discovery.DiscoveryClient    : Application version is -1: true
2017-07-21 15:09:00.288 [user-api,,,] 8332 --- [           main] com.netflix.discovery.DiscoveryClient    : Getting all instance registry info from the eureka server
2017-07-21 15:09:00.498 [user-api,,,] 8332 --- [           main] com.netflix.discovery.DiscoveryClient    : The response status is 200
2017-07-21 15:09:00.500 [user-api,,,] 8332 --- [           main] com.netflix.discovery.DiscoveryClient    : Starting heartbeat executor: renew interval is: 30
2017-07-21 15:09:00.504 [user-api,,,] 8332 --- [           main] c.n.discovery.InstanceInfoReplicator     : InstanceInfoReplicator onDemand update allowed rate per min is 4
2017-07-21 15:09:00.506 [user-api,,,] 8332 --- [           main] com.netflix.discovery.DiscoveryClient    : Discovery Client initialized at timestamp 1500620940506 with initial instances count: 2
2017-07-21 15:09:00.615 [user-api,,,] 8332 --- [           main] c.n.e.EurekaDiscoveryClientConfiguration : Registering application user-api with eureka with status UP
2017-07-21 15:09:00.616 [user-api,,,] 8332 --- [           main] com.netflix.discovery.DiscoveryClient    : Saw local status change event StatusChangeEvent [timestamp=1500620940616, current=UP, previous=STARTING]
2017-07-21 15:09:00.618 [user-api,,,] 8332 --- [nfoReplicator-0] com.netflix.discovery.DiscoveryClient    : DiscoveryClient_USER-API/Josiah-PC:user-api:2222: registering service...
2017-07-21 15:09:00.680 [user-api,,,] 8332 --- [nfoReplicator-0] com.netflix.discovery.DiscoveryClient    : DiscoveryClient_USER-API/Josiah-PC:user-api:2222 - registration status: 204
2017-07-21 15:09:00.723 [user-api,,,] 8332 --- [           main] s.b.c.e.t.TomcatEmbeddedServletContainer : Tomcat started on port(s): 2222 (http)
2017-07-21 15:09:00.727 [user-api,,,] 8332 --- [           main] c.n.e.EurekaDiscoveryClientConfiguration : Updating port to 2222
2017-07-21 15:09:00.731 [user-api,,,] 8332 --- [           main] com.duo.user.api.UserAPIApplication      : Started UserAPIApplication in 12.633 seconds (JVM running for 13.189)
2017-07-21 15:14:00.298 [user-api,,,] 8332 --- [trap-executor-0] c.n.d.s.r.aws.ConfigClusterResolver      : Resolving eureka endpoints via configuration
2017-07-21 15:19:00.307 [user-api,,,] 8332 --- [trap-executor-0] c.n.d.s.r.aws.ConfigClusterResolver      : Resolving eureka endpoints via configuration
2017-07-21 15:23:59.524 [user-api,,,] 8332 --- [nio-2222-exec-1] o.a.c.c.C.[Tomcat].[localhost].[/]       : Initializing Spring FrameworkServlet 'dispatcherServlet'
2017-07-21 15:23:59.524 [user-api,,,] 8332 --- [nio-2222-exec-1] o.s.web.servlet.DispatcherServlet        : FrameworkServlet 'dispatcherServlet': initialization started
2017-07-21 15:23:59.884 [user-api,,,] 8332 --- [nio-2222-exec-1] o.s.web.servlet.DispatcherServlet        : FrameworkServlet 'dispatcherServlet': initialization completed in 360 ms
2017-07-21 15:24:00.328 [user-api,,,] 8332 --- [trap-executor-0] c.n.d.s.r.aws.ConfigClusterResolver      : Resolving eureka endpoints via configuration
2017-07-21 15:29:00.336 [user-api,,,] 8332 --- [trap-executor-0] c.n.d.s.r.aws.ConfigClusterResolver      : Resolving eureka endpoints via configuration
2017-07-21 15:34:00.345 [user-api,,,] 8332 --- [trap-executor-0] c.n.d.s.r.aws.ConfigClusterResolver      : Resolving eureka endpoints via configuration
2017-07-21 15:39:00.353 [user-api,,,] 8332 --- [trap-executor-0] c.n.d.s.r.aws.ConfigClusterResolver      : Resolving eureka endpoints via configuration
2017-07-21 15:44:00.360 [user-api,,,] 8332 --- [trap-executor-0] c.n.d.s.r.aws.ConfigClusterResolver      : Resolving eureka endpoints via configuration
2017-07-21 15:55:37.111 [user-api,,,] 10328 --- [           main] s.c.a.AnnotationConfigApplicationContext : Refreshing org.springframework.context.annotation.AnnotationConfigApplicationContext@4b29d1d2: startup date [Fri Jul 21 15:55:37 CST 2017]; root of context hierarchy
2017-07-21 15:55:37.782 [user-api,,,] 10328 --- [           main] f.a.AutowiredAnnotationBeanPostProcessor : JSR-330 'javax.inject.Inject' annotation found and supported for autowiring
2017-07-21 15:55:37.810 [user-api,,,] 10328 --- [           main] trationDelegate$BeanPostProcessorChecker : Bean 'configurationPropertiesRebinderAutoConfiguration' of type [class org.springframework.cloud.autoconfigure.ConfigurationPropertiesRebinderAutoConfiguration$$EnhancerBySpringCGLIB$$7095a3d3] is not eligible for getting processed by all BeanPostProcessors (for example: not eligible for auto-proxying)
2017-07-21 15:55:38.602 [user-api,,,] 10328 --- [           main] com.duo.user.api.UserAPIApplication      : No active profile set, falling back to default profiles: default
2017-07-21 15:55:38.622 [user-api,,,] 10328 --- [           main] ationConfigEmbeddedWebApplicationContext : Refreshing org.springframework.boot.context.embedded.AnnotationConfigEmbeddedWebApplicationContext@a776e: startup date [Fri Jul 21 15:55:38 CST 2017]; parent: org.springframework.context.annotation.AnnotationConfigApplicationContext@4b29d1d2
2017-07-21 15:55:39.893 [user-api,,,] 10328 --- [           main] o.s.c.a.ConfigurationClassPostProcessor  : Cannot enhance @Configuration bean definition 'refreshScope' since its singleton instance has been created too early. The typical cause is a non-static @Bean method with a BeanDefinitionRegistryPostProcessor return type: Consider declaring such methods as 'static'.
2017-07-21 15:55:40.195 [user-api,,,] 10328 --- [           main] o.s.cloud.context.scope.GenericScope     : BeanFactory id=543d0e71-6506-3c56-8715-a1ff6da10c7d
2017-07-21 15:55:40.326 [user-api,,,] 10328 --- [           main] f.a.AutowiredAnnotationBeanPostProcessor : JSR-330 'javax.inject.Inject' annotation found and supported for autowiring
2017-07-21 15:55:40.575 [user-api,,,] 10328 --- [           main] trationDelegate$BeanPostProcessorChecker : Bean 'org.springframework.transaction.annotation.ProxyTransactionManagementConfiguration' of type [class org.springframework.transaction.annotation.ProxyTransactionManagementConfiguration$$EnhancerBySpringCGLIB$$547ba0d6] is not eligible for getting processed by all BeanPostProcessors (for example: not eligible for auto-proxying)
2017-07-21 15:55:40.964 [user-api,,,] 10328 --- [           main] trationDelegate$BeanPostProcessorChecker : Bean 'org.springframework.cloud.autoconfigure.ConfigurationPropertiesRebinderAutoConfiguration' of type [class org.springframework.cloud.autoconfigure.ConfigurationPropertiesRebinderAutoConfiguration$$EnhancerBySpringCGLIB$$7095a3d3] is not eligible for getting processed by all BeanPostProcessors (for example: not eligible for auto-proxying)
2017-07-21 15:55:42.337 [user-api,,,] 10328 --- [           main] s.b.c.e.t.TomcatEmbeddedServletContainer : Tomcat initialized with port(s): 2222 (http)
2017-07-21 15:55:42.378 [user-api,,,] 10328 --- [           main] o.apache.catalina.core.StandardService   : Starting service Tomcat
2017-07-21 15:55:42.380 [user-api,,,] 10328 --- [           main] org.apache.catalina.core.StandardEngine  : Starting Servlet Engine: Apache Tomcat/8.5.6
2017-07-21 15:55:42.597 [user-api,,,] 10328 --- [ost-startStop-1] o.a.c.c.C.[Tomcat].[localhost].[/]       : Initializing Spring embedded WebApplicationContext
2017-07-21 15:55:42.598 [user-api,,,] 10328 --- [ost-startStop-1] o.s.web.context.ContextLoader            : Root WebApplicationContext: initialization completed in 3976 ms
2017-07-21 15:55:43.015 [user-api,,,] 10328 --- [ost-startStop-1] o.s.b.w.servlet.ServletRegistrationBean  : Mapping servlet: 'dispatcherServlet' to [/]
2017-07-21 15:55:43.023 [user-api,,,] 10328 --- [ost-startStop-1] o.s.b.w.servlet.FilterRegistrationBean   : Mapping filter: 'characterEncodingFilter' to: [/*]
2017-07-21 15:55:43.024 [user-api,,,] 10328 --- [ost-startStop-1] o.s.b.w.servlet.FilterRegistrationBean   : Mapping filter: 'hiddenHttpMethodFilter' to: [/*]
2017-07-21 15:55:43.025 [user-api,,,] 10328 --- [ost-startStop-1] o.s.b.w.servlet.FilterRegistrationBean   : Mapping filter: 'httpPutFormContentFilter' to: [/*]
2017-07-21 15:55:43.025 [user-api,,,] 10328 --- [ost-startStop-1] o.s.b.w.servlet.FilterRegistrationBean   : Mapping filter: 'requestContextFilter' to: [/*]
2017-07-21 15:55:45.823 [user-api,,,] 10328 --- [           main] s.w.s.m.m.a.RequestMappingHandlerAdapter : Looking for @ControllerAdvice: org.springframework.boot.context.embedded.AnnotationConfigEmbeddedWebApplicationContext@a776e: startup date [Fri Jul 21 15:55:38 CST 2017]; parent: org.springframework.context.annotation.AnnotationConfigApplicationContext@4b29d1d2
2017-07-21 15:55:45.977 [user-api,,,] 10328 --- [           main] s.w.s.m.m.a.RequestMappingHandlerMapping : Mapped "{[/menuapi/list],methods=[POST]}" onto public java.util.List<com.duo.user.entity.Menu> com.duo.user.api.controller.MenuApiController.findByUserId(java.lang.String)
2017-07-21 15:55:45.980 [user-api,,,] 10328 --- [           main] s.w.s.m.m.a.RequestMappingHandlerMapping : Mapped "{[/userapi/login],methods=[POST]}" onto public com.duo.user.entity.User com.duo.user.api.controller.UserApiController.login(java.lang.String,java.lang.String)
2017-07-21 15:55:45.980 [user-api,,,] 10328 --- [           main] s.w.s.m.m.a.RequestMappingHandlerMapping : Mapped "{[/userapi/info/query/{id}],methods=[GET]}" onto public com.duo.user.entity.User com.duo.user.api.controller.UserApiController.queryUserById(java.lang.String)
2017-07-21 15:55:45.981 [user-api,,,] 10328 --- [           main] s.w.s.m.m.a.RequestMappingHandlerMapping : Mapped "{[/api/user/un/{username}/menu/parent/{parentId}],methods=[GET]}" onto public java.lang.String com.duo.user.api.rpc.UserService.getMenusByUsername(java.lang.String,java.lang.String)
2017-07-21 15:55:45.982 [user-api,,,] 10328 --- [           main] s.w.s.m.m.a.RequestMappingHandlerMapping : Mapped "{[/api/user/un/{username}/menu/top],methods=[GET]}" onto public java.lang.String com.duo.user.api.rpc.UserService.findUserTopMenu(java.lang.String)
2017-07-21 15:55:45.984 [user-api,,,] 10328 --- [           main] s.w.s.m.m.a.RequestMappingHandlerMapping : Mapped "{[/error]}" onto public org.springframework.http.ResponseEntity<java.util.Map<java.lang.String, java.lang.Object>> org.springframework.boot.autoconfigure.web.BasicErrorController.error(javax.servlet.http.HttpServletRequest)
2017-07-21 15:55:45.985 [user-api,,,] 10328 --- [           main] s.w.s.m.m.a.RequestMappingHandlerMapping : Mapped "{[/error],produces=[text/html]}" onto public org.springframework.web.servlet.ModelAndView org.springframework.boot.autoconfigure.web.BasicErrorController.errorHtml(javax.servlet.http.HttpServletRequest,javax.servlet.http.HttpServletResponse)
2017-07-21 15:55:46.109 [user-api,,,] 10328 --- [           main] o.s.w.s.handler.SimpleUrlHandlerMapping  : Mapped URL path [/webjars/**] onto handler of type [class org.springframework.web.servlet.resource.ResourceHttpRequestHandler]
2017-07-21 15:55:46.110 [user-api,,,] 10328 --- [           main] o.s.w.s.handler.SimpleUrlHandlerMapping  : Mapped URL path [/**] onto handler of type [class org.springframework.web.servlet.resource.ResourceHttpRequestHandler]
2017-07-21 15:55:46.190 [user-api,,,] 10328 --- [           main] o.s.w.s.handler.SimpleUrlHandlerMapping  : Mapped URL path [/**/favicon.ico] onto handler of type [class org.springframework.web.servlet.resource.ResourceHttpRequestHandler]
2017-07-21 15:55:47.244 [user-api,,,] 10328 --- [           main] c.n.c.sources.URLConfigurationSource     : No URLs will be polled as dynamic configuration sources.
2017-07-21 15:55:47.245 [user-api,,,] 10328 --- [           main] c.n.c.sources.URLConfigurationSource     : To enable URLs as dynamic configuration sources, define System property archaius.configurationSource.additionalUrls or make config.properties available on classpath.
2017-07-21 15:55:47.257 [user-api,,,] 10328 --- [           main] c.n.c.sources.URLConfigurationSource     : No URLs will be polled as dynamic configuration sources.
2017-07-21 15:55:47.257 [user-api,,,] 10328 --- [           main] c.n.c.sources.URLConfigurationSource     : To enable URLs as dynamic configuration sources, define System property archaius.configurationSource.additionalUrls or make config.properties available on classpath.
2017-07-21 15:55:47.411 [user-api,,,] 10328 --- [           main] o.s.j.e.a.AnnotationMBeanExporter        : Registering beans for JMX exposure on startup
2017-07-21 15:55:47.423 [user-api,,,] 10328 --- [           main] o.s.j.e.a.AnnotationMBeanExporter        : Bean with name 'refreshScope' has been autodetected for JMX exposure
2017-07-21 15:55:47.424 [user-api,,,] 10328 --- [           main] o.s.j.e.a.AnnotationMBeanExporter        : Bean with name 'environmentManager' has been autodetected for JMX exposure
2017-07-21 15:55:47.426 [user-api,,,] 10328 --- [           main] o.s.j.e.a.AnnotationMBeanExporter        : Bean with name 'configurationPropertiesRebinder' has been autodetected for JMX exposure
2017-07-21 15:55:47.429 [user-api,,,] 10328 --- [           main] o.s.j.e.a.AnnotationMBeanExporter        : Located managed bean 'environmentManager': registering with JMX server as MBean [org.springframework.cloud.context.environment:name=environmentManager,type=EnvironmentManager]
2017-07-21 15:55:47.447 [user-api,,,] 10328 --- [           main] o.s.j.e.a.AnnotationMBeanExporter        : Located managed bean 'refreshScope': registering with JMX server as MBean [org.springframework.cloud.context.scope.refresh:name=refreshScope,type=RefreshScope]
2017-07-21 15:55:47.464 [user-api,,,] 10328 --- [           main] o.s.j.e.a.AnnotationMBeanExporter        : Located managed bean 'configurationPropertiesRebinder': registering with JMX server as MBean [org.springframework.cloud.context.properties:name=configurationPropertiesRebinder,context=a776e,type=ConfigurationPropertiesRebinder]
2017-07-21 15:55:48.004 [user-api,,,] 10328 --- [           main] o.s.c.support.DefaultLifecycleProcessor  : Starting beans in phase 0
2017-07-21 15:55:48.014 [user-api,,,] 10328 --- [           main] o.s.c.n.eureka.InstanceInfoFactory       : Setting initial instance status as: STARTING
2017-07-21 15:55:48.753 [user-api,,,] 10328 --- [           main] c.n.d.provider.DiscoveryJerseyProvider   : Using JSON encoding codec LegacyJacksonJson
2017-07-21 15:55:48.755 [user-api,,,] 10328 --- [           main] c.n.d.provider.DiscoveryJerseyProvider   : Using JSON decoding codec LegacyJacksonJson
2017-07-21 15:55:48.949 [user-api,,,] 10328 --- [           main] c.n.d.provider.DiscoveryJerseyProvider   : Using XML encoding codec XStreamXml
2017-07-21 15:55:48.949 [user-api,,,] 10328 --- [           main] c.n.d.provider.DiscoveryJerseyProvider   : Using XML decoding codec XStreamXml
2017-07-21 15:55:49.312 [user-api,,,] 10328 --- [           main] c.n.d.s.r.aws.ConfigClusterResolver      : Resolving eureka endpoints via configuration
2017-07-21 15:55:49.602 [user-api,,,] 10328 --- [           main] com.netflix.discovery.DiscoveryClient    : Disable delta property : false
2017-07-21 15:55:49.603 [user-api,,,] 10328 --- [           main] com.netflix.discovery.DiscoveryClient    : Single vip registry refresh property : null
2017-07-21 15:55:49.603 [user-api,,,] 10328 --- [           main] com.netflix.discovery.DiscoveryClient    : Force full registry fetch : false
2017-07-21 15:55:49.603 [user-api,,,] 10328 --- [           main] com.netflix.discovery.DiscoveryClient    : Application is null : false
2017-07-21 15:55:49.603 [user-api,,,] 10328 --- [           main] com.netflix.discovery.DiscoveryClient    : Registered Applications size is zero : true
2017-07-21 15:55:49.604 [user-api,,,] 10328 --- [           main] com.netflix.discovery.DiscoveryClient    : Application version is -1: true
2017-07-21 15:55:49.604 [user-api,,,] 10328 --- [           main] com.netflix.discovery.DiscoveryClient    : Getting all instance registry info from the eureka server
2017-07-21 15:55:49.925 [user-api,,,] 10328 --- [           main] com.netflix.discovery.DiscoveryClient    : The response status is 200
2017-07-21 15:55:49.926 [user-api,,,] 10328 --- [           main] com.netflix.discovery.DiscoveryClient    : Starting heartbeat executor: renew interval is: 30
2017-07-21 15:55:49.930 [user-api,,,] 10328 --- [           main] c.n.discovery.InstanceInfoReplicator     : InstanceInfoReplicator onDemand update allowed rate per min is 4
2017-07-21 15:55:49.933 [user-api,,,] 10328 --- [           main] com.netflix.discovery.DiscoveryClient    : Discovery Client initialized at timestamp 1500623749932 with initial instances count: 2
2017-07-21 15:55:50.037 [user-api,,,] 10328 --- [           main] c.n.e.EurekaDiscoveryClientConfiguration : Registering application user-api with eureka with status UP
2017-07-21 15:55:50.039 [user-api,,,] 10328 --- [           main] com.netflix.discovery.DiscoveryClient    : Saw local status change event StatusChangeEvent [timestamp=1500623750039, current=UP, previous=STARTING]
2017-07-21 15:55:50.041 [user-api,,,] 10328 --- [nfoReplicator-0] com.netflix.discovery.DiscoveryClient    : DiscoveryClient_USER-API/Josiah-PC:user-api:2222: registering service...
2017-07-21 15:55:50.122 [user-api,,,] 10328 --- [nfoReplicator-0] com.netflix.discovery.DiscoveryClient    : DiscoveryClient_USER-API/Josiah-PC:user-api:2222 - registration status: 204
2017-07-21 15:55:50.158 [user-api,,,] 10328 --- [           main] s.b.c.e.t.TomcatEmbeddedServletContainer : Tomcat started on port(s): 2222 (http)
2017-07-21 15:55:50.159 [user-api,,,] 10328 --- [           main] c.n.e.EurekaDiscoveryClientConfiguration : Updating port to 2222
2017-07-21 15:55:50.164 [user-api,,,] 10328 --- [           main] com.duo.user.api.UserAPIApplication      : Started UserAPIApplication in 14.369 seconds (JVM running for 15.008)
2017-07-21 15:56:41.613 [user-api,,,] 10328 --- [nio-2222-exec-1] o.a.c.c.C.[Tomcat].[localhost].[/]       : Initializing Spring FrameworkServlet 'dispatcherServlet'
2017-07-21 15:56:41.614 [user-api,,,] 10328 --- [nio-2222-exec-1] o.s.web.servlet.DispatcherServlet        : FrameworkServlet 'dispatcherServlet': initialization started
2017-07-21 15:56:41.730 [user-api,,,] 10328 --- [nio-2222-exec-1] o.s.web.servlet.DispatcherServlet        : FrameworkServlet 'dispatcherServlet': initialization completed in 116 ms
2017-07-21 16:00:49.614 [user-api,,,] 10328 --- [trap-executor-0] c.n.d.s.r.aws.ConfigClusterResolver      : Resolving eureka endpoints via configuration
2017-07-21 16:05:49.622 [user-api,,,] 10328 --- [trap-executor-0] c.n.d.s.r.aws.ConfigClusterResolver      : Resolving eureka endpoints via configuration
2017-07-21 16:10:49.629 [user-api,,,] 10328 --- [trap-executor-0] c.n.d.s.r.aws.ConfigClusterResolver      : Resolving eureka endpoints via configuration
2017-07-21 16:15:49.636 [user-api,,,] 10328 --- [trap-executor-0] c.n.d.s.r.aws.ConfigClusterResolver      : Resolving eureka endpoints via configuration
2017-07-21 16:20:49.643 [user-api,,,] 10328 --- [trap-executor-0] c.n.d.s.r.aws.ConfigClusterResolver      : Resolving eureka endpoints via configuration
2017-07-21 16:25:49.650 [user-api,,,] 10328 --- [trap-executor-0] c.n.d.s.r.aws.ConfigClusterResolver      : Resolving eureka endpoints via configuration
2017-07-21 16:30:49.658 [user-api,,,] 10328 --- [trap-executor-0] c.n.d.s.r.aws.ConfigClusterResolver      : Resolving eureka endpoints via configuration
2017-07-21 16:35:49.665 [user-api,,,] 10328 --- [trap-executor-0] c.n.d.s.r.aws.ConfigClusterResolver      : Resolving eureka endpoints via configuration
2017-07-21 16:40:49.672 [user-api,,,] 10328 --- [trap-executor-0] c.n.d.s.r.aws.ConfigClusterResolver      : Resolving eureka endpoints via configuration
2017-07-21 16:45:49.680 [user-api,,,] 10328 --- [trap-executor-0] c.n.d.s.r.aws.ConfigClusterResolver      : Resolving eureka endpoints via configuration
2017-07-21 16:50:49.688 [user-api,,,] 10328 --- [trap-executor-0] c.n.d.s.r.aws.ConfigClusterResolver      : Resolving eureka endpoints via configuration
2017-07-21 16:55:49.696 [user-api,,,] 10328 --- [trap-executor-0] c.n.d.s.r.aws.ConfigClusterResolver      : Resolving eureka endpoints via configuration
2017-07-21 17:00:49.705 [user-api,,,] 10328 --- [trap-executor-0] c.n.d.s.r.aws.ConfigClusterResolver      : Resolving eureka endpoints via configuration
2017-07-21 17:05:49.712 [user-api,,,] 10328 --- [trap-executor-0] c.n.d.s.r.aws.ConfigClusterResolver      : Resolving eureka endpoints via configuration
2017-07-21 17:10:49.719 [user-api,,,] 10328 --- [trap-executor-0] c.n.d.s.r.aws.ConfigClusterResolver      : Resolving eureka endpoints via configuration
2017-07-21 17:15:49.726 [user-api,,,] 10328 --- [trap-executor-0] c.n.d.s.r.aws.ConfigClusterResolver      : Resolving eureka endpoints via configuration
2017-07-21 17:20:49.733 [user-api,,,] 10328 --- [trap-executor-0] c.n.d.s.r.aws.ConfigClusterResolver      : Resolving eureka endpoints via configuration
2017-07-21 17:25:49.740 [user-api,,,] 10328 --- [trap-executor-0] c.n.d.s.r.aws.ConfigClusterResolver      : Resolving eureka endpoints via configuration
2017-07-21 17:30:49.748 [user-api,,,] 10328 --- [trap-executor-0] c.n.d.s.r.aws.ConfigClusterResolver      : Resolving eureka endpoints via configuration
2017-07-21 17:35:49.755 [user-api,,,] 10328 --- [trap-executor-0] c.n.d.s.r.aws.ConfigClusterResolver      : Resolving eureka endpoints via configuration
2017-07-21 17:40:49.783 [user-api,,,] 10328 --- [trap-executor-0] c.n.d.s.r.aws.ConfigClusterResolver      : Resolving eureka endpoints via configuration
2017-07-21 17:45:49.790 [user-api,,,] 10328 --- [trap-executor-0] c.n.d.s.r.aws.ConfigClusterResolver      : Resolving eureka endpoints via configuration
2017-07-21 17:50:49.797 [user-api,,,] 10328 --- [trap-executor-0] c.n.d.s.r.aws.ConfigClusterResolver      : Resolving eureka endpoints via configuration
2017-07-21 17:55:49.804 [user-api,,,] 10328 --- [trap-executor-0] c.n.d.s.r.aws.ConfigClusterResolver      : Resolving eureka endpoints via configuration
2017-07-21 18:00:49.810 [user-api,,,] 10328 --- [trap-executor-0] c.n.d.s.r.aws.ConfigClusterResolver      : Resolving eureka endpoints via configuration
2017-07-21 18:05:49.817 [user-api,,,] 10328 --- [trap-executor-0] c.n.d.s.r.aws.ConfigClusterResolver      : Resolving eureka endpoints via configuration
2017-07-21 18:10:49.824 [user-api,,,] 10328 --- [trap-executor-0] c.n.d.s.r.aws.ConfigClusterResolver      : Resolving eureka endpoints via configuration
2017-07-21 18:15:49.832 [user-api,,,] 10328 --- [trap-executor-0] c.n.d.s.r.aws.ConfigClusterResolver      : Resolving eureka endpoints via configuration
2017-07-21 18:20:49.875 [user-api,,,] 10328 --- [trap-executor-0] c.n.d.s.r.aws.ConfigClusterResolver      : Resolving eureka endpoints via configuration
