2017-07-17 14:44:48.130 [gate-server,,,] 10116 --- [           main] s.c.a.AnnotationConfigApplicationContext : Refreshing org.springframework.context.annotation.AnnotationConfigApplicationContext@202b0582: startup date [Mon Jul 17 14:44:48 CST 2017]; root of context hierarchy
2017-07-17 14:44:48.496 [gate-server,,,] 10116 --- [           main] f.a.AutowiredAnnotationBeanPostProcessor : JSR-330 'javax.inject.Inject' annotation found and supported for autowiring
2017-07-17 14:44:48.540 [gate-server,,,] 10116 --- [           main] trationDelegate$BeanPostProcessorChecker : Bean 'configurationPropertiesRebinderAutoConfiguration' of type [class org.springframework.cloud.autoconfigure.ConfigurationPropertiesRebinderAutoConfiguration$$EnhancerBySpringCGLIB$$7087c061] is not eligible for getting processed by all BeanPostProcessors (for example: not eligible for auto-proxying)
2017-07-17 14:44:50.549 [gate-server,,,] 10116 --- [           main] com.duo.ZuulApplication                  : No active profile set, falling back to default profiles: default
2017-07-17 14:44:50.578 [gate-server,,,] 10116 --- [           main] ationConfigEmbeddedWebApplicationContext : Refreshing org.springframework.boot.context.embedded.AnnotationConfigEmbeddedWebApplicationContext@51684e4a: startup date [Mon Jul 17 14:44:50 CST 2017]; parent: org.springframework.context.annotation.AnnotationConfigApplicationContext@202b0582
2017-07-17 14:44:51.796 [gate-server,,,] 10116 --- [           main] o.s.b.f.s.DefaultListableBeanFactory     : Overriding bean definition for bean 'hystrixFeature' with a different definition: replacing [Root bean: class [null]; scope=; abstract=false; lazyInit=false; autowireMode=3; dependencyCheck=0; autowireCandidate=true; primary=false; factoryBeanName=org.springframework.cloud.netflix.hystrix.HystrixCircuitBreakerConfiguration$HystrixWebConfiguration; factoryMethodName=hystrixFeature; initMethodName=null; destroyMethodName=(inferred); defined in class path resource [org/springframework/cloud/netflix/hystrix/HystrixCircuitBreakerConfiguration$HystrixWebConfiguration.class]] with [Root bean: class [null]; scope=; abstract=false; lazyInit=false; autowireMode=3; dependencyCheck=0; autowireCandidate=true; primary=false; factoryBeanName=org.springframework.cloud.netflix.hystrix.HystrixCircuitBreakerConfiguration; factoryMethodName=hystrixFeature; initMethodName=null; destroyMethodName=(inferred); defined in class path resource [org/springframework/cloud/netflix/hystrix/HystrixCircuitBreakerConfiguration.class]]
2017-07-17 14:44:52.438 [gate-server,,,] 10116 --- [           main] o.s.c.a.ConfigurationClassPostProcessor  : Cannot enhance @Configuration bean definition 'refreshScope' since its singleton instance has been created too early. The typical cause is a non-static @Bean method with a BeanDefinitionRegistryPostProcessor return type: Consider declaring such methods as 'static'.
2017-07-17 14:44:52.865 [gate-server,,,] 10116 --- [           main] o.s.cloud.context.scope.GenericScope     : BeanFactory id=0be2e2fa-145d-3a69-9ede-84b78a6f11ab
2017-07-17 14:44:53.002 [gate-server,,,] 10116 --- [           main] f.a.AutowiredAnnotationBeanPostProcessor : JSR-330 'javax.inject.Inject' annotation found and supported for autowiring
2017-07-17 14:44:53.441 [gate-server,,,] 10116 --- [           main] trationDelegate$BeanPostProcessorChecker : Bean 'org.springframework.cloud.autoconfigure.ConfigurationPropertiesRebinderAutoConfiguration' of type [class org.springframework.cloud.autoconfigure.ConfigurationPropertiesRebinderAutoConfiguration$$EnhancerBySpringCGLIB$$7087c061] is not eligible for getting processed by all BeanPostProcessors (for example: not eligible for auto-proxying)
2017-07-17 14:44:54.694 [gate-server,,,] 10116 --- [           main] s.b.c.e.t.TomcatEmbeddedServletContainer : Tomcat initialized with port(s): 5555 (http)
2017-07-17 14:44:54.717 [gate-server,,,] 10116 --- [           main] o.apache.catalina.core.StandardService   : Starting service Tomcat
2017-07-17 14:44:54.719 [gate-server,,,] 10116 --- [           main] org.apache.catalina.core.StandardEngine  : Starting Servlet Engine: Apache Tomcat/8.5.6
2017-07-17 14:44:55.222 [gate-server,,,] 10116 --- [ost-startStop-1] o.a.c.c.C.[Tomcat].[localhost].[/]       : Initializing Spring embedded WebApplicationContext
2017-07-17 14:44:55.223 [gate-server,,,] 10116 --- [ost-startStop-1] o.s.web.context.ContextLoader            : Root WebApplicationContext: initialization completed in 4645 ms
2017-07-17 14:44:57.093 [gate-server,,,] 10116 --- [ost-startStop-1] c.n.c.sources.URLConfigurationSource     : No URLs will be polled as dynamic configuration sources.
2017-07-17 14:44:57.093 [gate-server,,,] 10116 --- [ost-startStop-1] c.n.c.sources.URLConfigurationSource     : To enable URLs as dynamic configuration sources, define System property archaius.configurationSource.additionalUrls or make config.properties available on classpath.
2017-07-17 14:44:57.107 [gate-server,,,] 10116 --- [ost-startStop-1] c.netflix.config.DynamicPropertyFactory  : DynamicPropertyFactory is initialized with configuration sources: com.netflix.config.ConcurrentCompositeConfiguration@5800a3df
2017-07-17 14:44:58.546 [gate-server,,,] 10116 --- [ost-startStop-1] o.s.b.w.servlet.ServletRegistrationBean  : Mapping servlet: 'zuulServlet' to [/zuul/*]
2017-07-17 14:44:58.549 [gate-server,,,] 10116 --- [ost-startStop-1] o.s.b.w.servlet.ServletRegistrationBean  : Mapping servlet: 'dispatcherServlet' to [/]
2017-07-17 14:44:58.555 [gate-server,,,] 10116 --- [ost-startStop-1] o.s.b.w.servlet.FilterRegistrationBean   : Mapping filter: 'metricsFilter' to: [/*]
2017-07-17 14:44:58.556 [gate-server,,,] 10116 --- [ost-startStop-1] o.s.b.w.servlet.FilterRegistrationBean   : Mapping filter: 'characterEncodingFilter' to: [/*]
2017-07-17 14:44:58.557 [gate-server,,,] 10116 --- [ost-startStop-1] o.s.b.w.servlet.FilterRegistrationBean   : Mapping filter: 'hiddenHttpMethodFilter' to: [/*]
2017-07-17 14:44:58.557 [gate-server,,,] 10116 --- [ost-startStop-1] o.s.b.w.servlet.FilterRegistrationBean   : Mapping filter: 'httpPutFormContentFilter' to: [/*]
2017-07-17 14:44:58.558 [gate-server,,,] 10116 --- [ost-startStop-1] o.s.b.w.servlet.FilterRegistrationBean   : Mapping filter: 'requestContextFilter' to: [/*]
2017-07-17 14:44:58.558 [gate-server,,,] 10116 --- [ost-startStop-1] o.s.b.w.servlet.FilterRegistrationBean   : Mapping filter: 'webRequestLoggingFilter' to: [/*]
2017-07-17 14:44:58.559 [gate-server,,,] 10116 --- [ost-startStop-1] o.s.b.w.servlet.FilterRegistrationBean   : Mapping filter: 'applicationContextIdFilter' to: [/*]
2017-07-17 14:44:58.589 [gate-server,,,] 10116 --- [ost-startStop-1] o.s.c.n.zuul.ZuulFilterInitializer       : Starting filter initializer context listener
2017-07-17 14:45:01.314 [gate-server,,,] 10116 --- [           main] s.w.s.m.m.a.RequestMappingHandlerAdapter : Looking for @ControllerAdvice: org.springframework.boot.context.embedded.AnnotationConfigEmbeddedWebApplicationContext@51684e4a: startup date [Mon Jul 17 14:44:50 CST 2017]; parent: org.springframework.context.annotation.AnnotationConfigApplicationContext@202b0582
2017-07-17 14:45:01.564 [gate-server,,,] 10116 --- [           main] s.w.s.m.m.a.RequestMappingHandlerMapping : Mapped "{[/login],methods=[GET]}" onto public java.lang.String com.duo.Login.login()
2017-07-17 14:45:01.576 [gate-server,,,] 10116 --- [           main] s.w.s.m.m.a.RequestMappingHandlerMapping : Mapped "{[/error]}" onto public org.springframework.http.ResponseEntity<java.util.Map<java.lang.String, java.lang.Object>> org.springframework.boot.autoconfigure.web.BasicErrorController.error(javax.servlet.http.HttpServletRequest)
2017-07-17 14:45:01.577 [gate-server,,,] 10116 --- [           main] s.w.s.m.m.a.RequestMappingHandlerMapping : Mapped "{[/error],produces=[text/html]}" onto public org.springframework.web.servlet.ModelAndView org.springframework.boot.autoconfigure.web.BasicErrorController.errorHtml(javax.servlet.http.HttpServletRequest,javax.servlet.http.HttpServletResponse)
2017-07-17 14:45:01.708 [gate-server,,,] 10116 --- [           main] o.s.w.s.handler.SimpleUrlHandlerMapping  : Mapped URL path [/webjars/**] onto handler of type [class org.springframework.web.servlet.resource.ResourceHttpRequestHandler]
2017-07-17 14:45:01.709 [gate-server,,,] 10116 --- [           main] o.s.w.s.handler.SimpleUrlHandlerMapping  : Mapped URL path [/**] onto handler of type [class org.springframework.web.servlet.resource.ResourceHttpRequestHandler]
2017-07-17 14:45:01.816 [gate-server,,,] 10116 --- [           main] o.s.w.s.handler.SimpleUrlHandlerMapping  : Mapped URL path [/**/favicon.ico] onto handler of type [class org.springframework.web.servlet.resource.ResourceHttpRequestHandler]
2017-07-17 14:45:03.947 [gate-server,,,] 10116 --- [           main] o.s.b.a.e.mvc.EndpointHandlerMapping     : Mapped "{[/health || /health.json],produces=[application/json]}" onto public java.lang.Object org.springframework.boot.actuate.endpoint.mvc.HealthMvcEndpoint.invoke(java.security.Principal)
2017-07-17 14:45:03.953 [gate-server,,,] 10116 --- [           main] o.s.b.a.e.mvc.EndpointHandlerMapping     : Mapped "{[/archaius || /archaius.json],methods=[GET],produces=[application/json]}" onto public java.lang.Object org.springframework.boot.actuate.endpoint.mvc.EndpointMvcAdapter.invoke()
2017-07-17 14:45:03.955 [gate-server,,,] 10116 --- [           main] o.s.b.a.e.mvc.EndpointHandlerMapping     : Mapped "{[/features || /features.json],methods=[GET],produces=[application/json]}" onto public java.lang.Object org.springframework.boot.actuate.endpoint.mvc.EndpointMvcAdapter.invoke()
2017-07-17 14:45:03.959 [gate-server,,,] 10116 --- [           main] o.s.b.a.e.mvc.EndpointHandlerMapping     : Mapped "{[/metrics/{name:.*}],methods=[GET],produces=[application/json]}" onto public java.lang.Object org.springframework.boot.actuate.endpoint.mvc.MetricsMvcEndpoint.value(java.lang.String)
2017-07-17 14:45:03.960 [gate-server,,,] 10116 --- [           main] o.s.b.a.e.mvc.EndpointHandlerMapping     : Mapped "{[/metrics || /metrics.json],methods=[GET],produces=[application/json]}" onto public java.lang.Object org.springframework.boot.actuate.endpoint.mvc.EndpointMvcAdapter.invoke()
2017-07-17 14:45:03.961 [gate-server,,,] 10116 --- [           main] o.s.b.a.e.mvc.EndpointHandlerMapping     : Mapped "{[/autoconfig || /autoconfig.json],methods=[GET],produces=[application/json]}" onto public java.lang.Object org.springframework.boot.actuate.endpoint.mvc.EndpointMvcAdapter.invoke()
2017-07-17 14:45:03.963 [gate-server,,,] 10116 --- [           main] o.s.b.a.e.mvc.EndpointHandlerMapping     : Mapped "{[/env],methods=[POST]}" onto public java.lang.Object org.springframework.cloud.context.environment.EnvironmentManagerMvcEndpoint.value(java.util.Map<java.lang.String, java.lang.String>)
2017-07-17 14:45:03.963 [gate-server,,,] 10116 --- [           main] o.s.b.a.e.mvc.EndpointHandlerMapping     : Mapped "{[/env/reset],methods=[POST]}" onto public java.util.Map<java.lang.String, java.lang.Object> org.springframework.cloud.context.environment.EnvironmentManagerMvcEndpoint.reset()
2017-07-17 14:45:03.965 [gate-server,,,] 10116 --- [           main] o.s.b.a.e.mvc.EndpointHandlerMapping     : Mapped "{[/env/{name:.*}],methods=[GET],produces=[application/json]}" onto public java.lang.Object org.springframework.boot.actuate.endpoint.mvc.EnvironmentMvcEndpoint.value(java.lang.String)
2017-07-17 14:45:03.966 [gate-server,,,] 10116 --- [           main] o.s.b.a.e.mvc.EndpointHandlerMapping     : Mapped "{[/env || /env.json],methods=[GET],produces=[application/json]}" onto public java.lang.Object org.springframework.boot.actuate.endpoint.mvc.EndpointMvcAdapter.invoke()
2017-07-17 14:45:03.970 [gate-server,,,] 10116 --- [           main] o.s.b.a.e.mvc.EndpointHandlerMapping     : Mapped "{[/routes || /routes.json],methods=[POST]}" onto public java.util.Map<java.lang.String, java.lang.String> org.springframework.cloud.netflix.zuul.RoutesEndpoint.reset()
2017-07-17 14:45:03.970 [gate-server,,,] 10116 --- [           main] o.s.b.a.e.mvc.EndpointHandlerMapping     : Mapped "{[/routes || /routes.json],methods=[GET]}" onto public java.util.Map<java.lang.String, java.lang.String> org.springframework.cloud.netflix.zuul.RoutesEndpoint.getRoutes()
2017-07-17 14:45:03.971 [gate-server,,,] 10116 --- [           main] o.s.b.a.e.mvc.EndpointHandlerMapping     : Mapped "{[/hystrix.stream/**]}" onto public org.springframework.web.servlet.ModelAndView org.springframework.cloud.netflix.endpoint.ServletWrappingEndpoint.handle(javax.servlet.http.HttpServletRequest,javax.servlet.http.HttpServletResponse) throws java.lang.Exception
2017-07-17 14:45:03.974 [gate-server,,,] 10116 --- [           main] o.s.b.a.e.mvc.EndpointHandlerMapping     : Mapped "{[/mappings || /mappings.json],methods=[GET],produces=[application/json]}" onto public java.lang.Object org.springframework.boot.actuate.endpoint.mvc.EndpointMvcAdapter.invoke()
2017-07-17 14:45:03.981 [gate-server,,,] 10116 --- [           main] o.s.b.a.e.mvc.EndpointHandlerMapping     : Mapped "{[/refresh || /refresh.json],methods=[POST]}" onto public java.lang.Object org.springframework.cloud.endpoint.GenericPostableMvcEndpoint.invoke()
2017-07-17 14:45:03.984 [gate-server,,,] 10116 --- [           main] o.s.b.a.e.mvc.EndpointHandlerMapping     : Mapped "{[/restart || /restart.json],methods=[POST]}" onto public java.lang.Object org.springframework.cloud.context.restart.RestartMvcEndpoint.invoke()
2017-07-17 14:45:03.991 [gate-server,,,] 10116 --- [           main] o.s.b.a.e.mvc.EndpointHandlerMapping     : Mapped "{[/heapdump || /heapdump.json],methods=[GET],produces=[application/octet-stream]}" onto public void org.springframework.boot.actuate.endpoint.mvc.HeapdumpMvcEndpoint.invoke(boolean,javax.servlet.http.HttpServletRequest,javax.servlet.http.HttpServletResponse) throws java.io.IOException,javax.servlet.ServletException
2017-07-17 14:45:04.001 [gate-server,,,] 10116 --- [           main] o.s.b.a.e.mvc.EndpointHandlerMapping     : Mapped "{[/dump || /dump.json],methods=[GET],produces=[application/json]}" onto public java.lang.Object org.springframework.boot.actuate.endpoint.mvc.EndpointMvcAdapter.invoke()
2017-07-17 14:45:04.002 [gate-server,,,] 10116 --- [           main] o.s.b.a.e.mvc.EndpointHandlerMapping     : Mapped "{[/configprops || /configprops.json],methods=[GET],produces=[application/json]}" onto public java.lang.Object org.springframework.boot.actuate.endpoint.mvc.EndpointMvcAdapter.invoke()
2017-07-17 14:45:04.003 [gate-server,,,] 10116 --- [           main] o.s.b.a.e.mvc.EndpointHandlerMapping     : Mapped "{[/pause || /pause.json],methods=[POST]}" onto public java.lang.Object org.springframework.cloud.endpoint.GenericPostableMvcEndpoint.invoke()
2017-07-17 14:45:04.005 [gate-server,,,] 10116 --- [           main] o.s.b.a.e.mvc.EndpointHandlerMapping     : Mapped "{[/resume || /resume.json],methods=[POST]}" onto public java.lang.Object org.springframework.cloud.endpoint.GenericPostableMvcEndpoint.invoke()
2017-07-17 14:45:04.006 [gate-server,,,] 10116 --- [           main] o.s.b.a.e.mvc.EndpointHandlerMapping     : Mapped "{[/trace || /trace.json],methods=[GET],produces=[application/json]}" onto public java.lang.Object org.springframework.boot.actuate.endpoint.mvc.EndpointMvcAdapter.invoke()
2017-07-17 14:45:04.007 [gate-server,,,] 10116 --- [           main] o.s.b.a.e.mvc.EndpointHandlerMapping     : Mapped "{[/beans || /beans.json],methods=[GET],produces=[application/json]}" onto public java.lang.Object org.springframework.boot.actuate.endpoint.mvc.EndpointMvcAdapter.invoke()
2017-07-17 14:45:04.009 [gate-server,,,] 10116 --- [           main] o.s.b.a.e.mvc.EndpointHandlerMapping     : Mapped "{[/info || /info.json],methods=[GET],produces=[application/json]}" onto public java.lang.Object org.springframework.boot.actuate.endpoint.mvc.EndpointMvcAdapter.invoke()
2017-07-17 14:45:04.321 [gate-server,,,] 10116 --- [           main] c.n.c.sources.URLConfigurationSource     : No URLs will be polled as dynamic configuration sources.
2017-07-17 14:45:04.322 [gate-server,,,] 10116 --- [           main] c.n.c.sources.URLConfigurationSource     : To enable URLs as dynamic configuration sources, define System property archaius.configurationSource.additionalUrls or make config.properties available on classpath.
2017-07-17 14:45:04.519 [gate-server,,,] 10116 --- [           main] o.s.j.e.a.AnnotationMBeanExporter        : Registering beans for JMX exposure on startup
2017-07-17 14:45:04.538 [gate-server,,,] 10116 --- [           main] o.s.j.e.a.AnnotationMBeanExporter        : Bean with name 'zuulEndpoint' has been autodetected for JMX exposure
2017-07-17 14:45:04.541 [gate-server,,,] 10116 --- [           main] o.s.j.e.a.AnnotationMBeanExporter        : Bean with name 'refreshScope' has been autodetected for JMX exposure
2017-07-17 14:45:04.544 [gate-server,,,] 10116 --- [           main] o.s.j.e.a.AnnotationMBeanExporter        : Bean with name 'environmentManager' has been autodetected for JMX exposure
2017-07-17 14:45:04.548 [gate-server,,,] 10116 --- [           main] o.s.j.e.a.AnnotationMBeanExporter        : Bean with name 'configurationPropertiesRebinder' has been autodetected for JMX exposure
2017-07-17 14:45:04.549 [gate-server,,,] 10116 --- [           main] o.s.j.e.a.AnnotationMBeanExporter        : Bean with name 'refreshEndpoint' has been autodetected for JMX exposure
2017-07-17 14:45:04.552 [gate-server,,,] 10116 --- [           main] o.s.j.e.a.AnnotationMBeanExporter        : Bean with name 'restartEndpoint' has been autodetected for JMX exposure
2017-07-17 14:45:04.556 [gate-server,,,] 10116 --- [           main] o.s.j.e.a.AnnotationMBeanExporter        : Located managed bean 'environmentManager': registering with JMX server as MBean [org.springframework.cloud.context.environment:name=environmentManager,type=EnvironmentManager]
2017-07-17 14:45:04.586 [gate-server,,,] 10116 --- [           main] o.s.j.e.a.AnnotationMBeanExporter        : Located managed bean 'restartEndpoint': registering with JMX server as MBean [org.springframework.cloud.context.restart:name=restartEndpoint,type=RestartEndpoint]
2017-07-17 14:45:04.619 [gate-server,,,] 10116 --- [           main] o.s.j.e.a.AnnotationMBeanExporter        : Located managed bean 'refreshScope': registering with JMX server as MBean [org.springframework.cloud.context.scope.refresh:name=refreshScope,type=RefreshScope]
2017-07-17 14:45:04.654 [gate-server,,,] 10116 --- [           main] o.s.j.e.a.AnnotationMBeanExporter        : Located managed bean 'zuulEndpoint': registering with JMX server as MBean [org.springframework.cloud.netflix.zuul:name=zuulEndpoint,type=RoutesEndpoint]
2017-07-17 14:45:04.675 [gate-server,,,] 10116 --- [           main] o.s.j.e.a.AnnotationMBeanExporter        : Located managed bean 'configurationPropertiesRebinder': registering with JMX server as MBean [org.springframework.cloud.context.properties:name=configurationPropertiesRebinder,context=51684e4a,type=ConfigurationPropertiesRebinder]
2017-07-17 14:45:04.685 [gate-server,,,] 10116 --- [           main] o.s.j.e.a.AnnotationMBeanExporter        : Located managed bean 'refreshEndpoint': registering with JMX server as MBean [org.springframework.cloud.endpoint:name=refreshEndpoint,type=RefreshEndpoint]
2017-07-17 14:45:04.969 [gate-server,,,] 10116 --- [           main] o.s.c.support.DefaultLifecycleProcessor  : Starting beans in phase 0
2017-07-17 14:45:04.995 [gate-server,,,] 10116 --- [           main] o.s.c.n.eureka.InstanceInfoFactory       : Setting initial instance status as: STARTING
2017-07-17 14:45:05.404 [gate-server,,,] 10116 --- [           main] c.n.d.provider.DiscoveryJerseyProvider   : Using JSON encoding codec LegacyJacksonJson
2017-07-17 14:45:05.407 [gate-server,,,] 10116 --- [           main] c.n.d.provider.DiscoveryJerseyProvider   : Using JSON decoding codec LegacyJacksonJson
2017-07-17 14:45:05.682 [gate-server,,,] 10116 --- [           main] c.n.d.provider.DiscoveryJerseyProvider   : Using XML encoding codec XStreamXml
2017-07-17 14:45:05.683 [gate-server,,,] 10116 --- [           main] c.n.d.provider.DiscoveryJerseyProvider   : Using XML decoding codec XStreamXml
2017-07-17 14:45:06.025 [gate-server,,,] 10116 --- [           main] c.n.d.s.r.aws.ConfigClusterResolver      : Resolving eureka endpoints via configuration
2017-07-17 14:45:06.518 [gate-server,,,] 10116 --- [           main] com.netflix.discovery.DiscoveryClient    : Disable delta property : false
2017-07-17 14:45:06.518 [gate-server,,,] 10116 --- [           main] com.netflix.discovery.DiscoveryClient    : Single vip registry refresh property : null
2017-07-17 14:45:06.518 [gate-server,,,] 10116 --- [           main] com.netflix.discovery.DiscoveryClient    : Force full registry fetch : false
2017-07-17 14:45:06.519 [gate-server,,,] 10116 --- [           main] com.netflix.discovery.DiscoveryClient    : Application is null : false
2017-07-17 14:45:06.519 [gate-server,,,] 10116 --- [           main] com.netflix.discovery.DiscoveryClient    : Registered Applications size is zero : true
2017-07-17 14:45:06.519 [gate-server,,,] 10116 --- [           main] com.netflix.discovery.DiscoveryClient    : Application version is -1: true
2017-07-17 14:45:06.519 [gate-server,,,] 10116 --- [           main] com.netflix.discovery.DiscoveryClient    : Getting all instance registry info from the eureka server
2017-07-17 14:45:06.986 [gate-server,,,] 10116 --- [           main] com.netflix.discovery.DiscoveryClient    : The response status is 200
2017-07-17 14:45:06.988 [gate-server,,,] 10116 --- [           main] com.netflix.discovery.DiscoveryClient    : Starting heartbeat executor: renew interval is: 30
2017-07-17 14:45:06.992 [gate-server,,,] 10116 --- [           main] c.n.discovery.InstanceInfoReplicator     : InstanceInfoReplicator onDemand update allowed rate per min is 4
2017-07-17 14:45:06.996 [gate-server,,,] 10116 --- [           main] com.netflix.discovery.DiscoveryClient    : Discovery Client initialized at timestamp 1500273906995 with initial instances count: 0
2017-07-17 14:45:07.148 [gate-server,,,] 10116 --- [           main] c.n.e.EurekaDiscoveryClientConfiguration : Registering application gate-server with eureka with status UP
2017-07-17 14:45:07.150 [gate-server,,,] 10116 --- [           main] com.netflix.discovery.DiscoveryClient    : Saw local status change event StatusChangeEvent [timestamp=1500273907150, current=UP, previous=STARTING]
2017-07-17 14:45:07.162 [gate-server,,,] 10116 --- [nfoReplicator-0] com.netflix.discovery.DiscoveryClient    : DiscoveryClient_GATE-SERVER/Josiah-PC:gate-server:5555: registering service...
2017-07-17 14:45:07.391 [gate-server,,,] 10116 --- [           main] o.s.c.support.DefaultLifecycleProcessor  : Starting beans in phase 2147483647
2017-07-17 14:45:07.397 [gate-server,,,] 10116 --- [           main] ration$HystrixMetricsPollerConfiguration : Starting poller
2017-07-17 14:45:07.937 [gate-server,,,] 10116 --- [           main] s.b.c.e.t.TomcatEmbeddedServletContainer : Tomcat started on port(s): 5555 (http)
2017-07-17 14:45:07.939 [gate-server,,,] 10116 --- [           main] c.n.e.EurekaDiscoveryClientConfiguration : Updating port to 5555
2017-07-17 14:45:07.943 [gate-server,,,] 10116 --- [nfoReplicator-0] com.netflix.discovery.DiscoveryClient    : DiscoveryClient_GATE-SERVER/Josiah-PC:gate-server:5555 - registration status: 204
2017-07-17 14:45:07.944 [gate-server,,,] 10116 --- [           main] com.duo.ZuulApplication                  : Started ZuulApplication in 22.251 seconds (JVM running for 23.025)
2017-07-17 14:45:37.239 [gate-server,,,] 10116 --- [freshExecutor-0] com.netflix.discovery.DiscoveryClient    : Disable delta property : false
2017-07-17 14:45:37.240 [gate-server,,,] 10116 --- [freshExecutor-0] com.netflix.discovery.DiscoveryClient    : Single vip registry refresh property : null
2017-07-17 14:45:37.240 [gate-server,,,] 10116 --- [freshExecutor-0] com.netflix.discovery.DiscoveryClient    : Force full registry fetch : false
2017-07-17 14:45:37.240 [gate-server,,,] 10116 --- [freshExecutor-0] com.netflix.discovery.DiscoveryClient    : Application is null : false
2017-07-17 14:45:37.240 [gate-server,,,] 10116 --- [freshExecutor-0] com.netflix.discovery.DiscoveryClient    : Registered Applications size is zero : true
2017-07-17 14:45:37.240 [gate-server,,,] 10116 --- [freshExecutor-0] com.netflix.discovery.DiscoveryClient    : Application version is -1: false
2017-07-17 14:45:37.240 [gate-server,,,] 10116 --- [freshExecutor-0] com.netflix.discovery.DiscoveryClient    : Getting all instance registry info from the eureka server
2017-07-17 14:45:37.754 [gate-server,,,] 10116 --- [freshExecutor-0] com.netflix.discovery.DiscoveryClient    : The response status is 200
2017-07-17 15:31:36.166 [gate-server,,,] 7200 --- [           main] s.c.a.AnnotationConfigApplicationContext : Refreshing org.springframework.context.annotation.AnnotationConfigApplicationContext@202b0582: startup date [Mon Jul 17 15:31:36 CST 2017]; root of context hierarchy
2017-07-17 15:31:36.723 [gate-server,,,] 7200 --- [           main] f.a.AutowiredAnnotationBeanPostProcessor : JSR-330 'javax.inject.Inject' annotation found and supported for autowiring
2017-07-17 15:31:36.762 [gate-server,,,] 7200 --- [           main] trationDelegate$BeanPostProcessorChecker : Bean 'configurationPropertiesRebinderAutoConfiguration' of type [class org.springframework.cloud.autoconfigure.ConfigurationPropertiesRebinderAutoConfiguration$$EnhancerBySpringCGLIB$$e9b960ea] is not eligible for getting processed by all BeanPostProcessors (for example: not eligible for auto-proxying)
2017-07-17 15:31:38.705 [gate-server,,,] 7200 --- [           main] com.duo.ZuulApplication                  : No active profile set, falling back to default profiles: default
2017-07-17 15:31:38.750 [gate-server,,,] 7200 --- [           main] ationConfigEmbeddedWebApplicationContext : Refreshing org.springframework.boot.context.embedded.AnnotationConfigEmbeddedWebApplicationContext@6c451c9c: startup date [Mon Jul 17 15:31:38 CST 2017]; parent: org.springframework.context.annotation.AnnotationConfigApplicationContext@202b0582
2017-07-17 15:31:39.963 [gate-server,,,] 7200 --- [           main] o.s.b.f.s.DefaultListableBeanFactory     : Overriding bean definition for bean 'hystrixFeature' with a different definition: replacing [Root bean: class [null]; scope=; abstract=false; lazyInit=false; autowireMode=3; dependencyCheck=0; autowireCandidate=true; primary=false; factoryBeanName=org.springframework.cloud.netflix.hystrix.HystrixCircuitBreakerConfiguration$HystrixWebConfiguration; factoryMethodName=hystrixFeature; initMethodName=null; destroyMethodName=(inferred); defined in class path resource [org/springframework/cloud/netflix/hystrix/HystrixCircuitBreakerConfiguration$HystrixWebConfiguration.class]] with [Root bean: class [null]; scope=; abstract=false; lazyInit=false; autowireMode=3; dependencyCheck=0; autowireCandidate=true; primary=false; factoryBeanName=org.springframework.cloud.netflix.hystrix.HystrixCircuitBreakerConfiguration; factoryMethodName=hystrixFeature; initMethodName=null; destroyMethodName=(inferred); defined in class path resource [org/springframework/cloud/netflix/hystrix/HystrixCircuitBreakerConfiguration.class]]
2017-07-17 15:31:40.443 [gate-server,,,] 7200 --- [           main] o.s.c.a.ConfigurationClassPostProcessor  : Cannot enhance @Configuration bean definition 'refreshScope' since its singleton instance has been created too early. The typical cause is a non-static @Bean method with a BeanDefinitionRegistryPostProcessor return type: Consider declaring such methods as 'static'.
2017-07-17 15:31:41.202 [gate-server,,,] 7200 --- [           main] o.s.cloud.context.scope.GenericScope     : BeanFactory id=0be2e2fa-145d-3a69-9ede-84b78a6f11ab
2017-07-17 15:31:41.333 [gate-server,,,] 7200 --- [           main] f.a.AutowiredAnnotationBeanPostProcessor : JSR-330 'javax.inject.Inject' annotation found and supported for autowiring
2017-07-17 15:31:41.782 [gate-server,,,] 7200 --- [           main] trationDelegate$BeanPostProcessorChecker : Bean 'org.springframework.cloud.autoconfigure.ConfigurationPropertiesRebinderAutoConfiguration' of type [class org.springframework.cloud.autoconfigure.ConfigurationPropertiesRebinderAutoConfiguration$$EnhancerBySpringCGLIB$$e9b960ea] is not eligible for getting processed by all BeanPostProcessors (for example: not eligible for auto-proxying)
2017-07-17 15:31:43.137 [gate-server,,,] 7200 --- [           main] s.b.c.e.t.TomcatEmbeddedServletContainer : Tomcat initialized with port(s): 5555 (http)
2017-07-17 15:31:43.156 [gate-server,,,] 7200 --- [           main] o.apache.catalina.core.StandardService   : Starting service Tomcat
2017-07-17 15:31:43.158 [gate-server,,,] 7200 --- [           main] org.apache.catalina.core.StandardEngine  : Starting Servlet Engine: Apache Tomcat/8.5.6
2017-07-17 15:31:43.514 [gate-server,,,] 7200 --- [ost-startStop-1] o.a.c.c.C.[Tomcat].[localhost].[/]       : Initializing Spring embedded WebApplicationContext
2017-07-17 15:31:43.515 [gate-server,,,] 7200 --- [ost-startStop-1] o.s.web.context.ContextLoader            : Root WebApplicationContext: initialization completed in 4765 ms
2017-07-17 15:31:45.190 [gate-server,,,] 7200 --- [ost-startStop-1] c.n.c.sources.URLConfigurationSource     : No URLs will be polled as dynamic configuration sources.
2017-07-17 15:31:45.190 [gate-server,,,] 7200 --- [ost-startStop-1] c.n.c.sources.URLConfigurationSource     : To enable URLs as dynamic configuration sources, define System property archaius.configurationSource.additionalUrls or make config.properties available on classpath.
2017-07-17 15:31:45.203 [gate-server,,,] 7200 --- [ost-startStop-1] c.netflix.config.DynamicPropertyFactory  : DynamicPropertyFactory is initialized with configuration sources: com.netflix.config.ConcurrentCompositeConfiguration@796e172d
2017-07-17 15:31:46.730 [gate-server,,,] 7200 --- [ost-startStop-1] o.s.b.w.servlet.ServletRegistrationBean  : Mapping servlet: 'zuulServlet' to [/zuul/*]
2017-07-17 15:31:46.732 [gate-server,,,] 7200 --- [ost-startStop-1] o.s.b.w.servlet.ServletRegistrationBean  : Mapping servlet: 'dispatcherServlet' to [/]
2017-07-17 15:31:46.739 [gate-server,,,] 7200 --- [ost-startStop-1] o.s.b.w.servlet.FilterRegistrationBean   : Mapping filter: 'metricsFilter' to: [/*]
2017-07-17 15:31:46.739 [gate-server,,,] 7200 --- [ost-startStop-1] o.s.b.w.servlet.FilterRegistrationBean   : Mapping filter: 'characterEncodingFilter' to: [/*]
2017-07-17 15:31:46.740 [gate-server,,,] 7200 --- [ost-startStop-1] o.s.b.w.servlet.FilterRegistrationBean   : Mapping filter: 'hiddenHttpMethodFilter' to: [/*]
2017-07-17 15:31:46.740 [gate-server,,,] 7200 --- [ost-startStop-1] o.s.b.w.servlet.FilterRegistrationBean   : Mapping filter: 'httpPutFormContentFilter' to: [/*]
2017-07-17 15:31:46.740 [gate-server,,,] 7200 --- [ost-startStop-1] o.s.b.w.servlet.FilterRegistrationBean   : Mapping filter: 'requestContextFilter' to: [/*]
2017-07-17 15:31:46.740 [gate-server,,,] 7200 --- [ost-startStop-1] o.s.b.w.servlet.FilterRegistrationBean   : Mapping filter: 'webRequestLoggingFilter' to: [/*]
2017-07-17 15:31:46.740 [gate-server,,,] 7200 --- [ost-startStop-1] o.s.b.w.servlet.FilterRegistrationBean   : Mapping filter: 'applicationContextIdFilter' to: [/*]
2017-07-17 15:31:46.777 [gate-server,,,] 7200 --- [ost-startStop-1] o.s.c.n.zuul.ZuulFilterInitializer       : Starting filter initializer context listener
2017-07-17 15:31:48.552 [gate-server,,,] 7200 --- [           main] s.w.s.m.m.a.RequestMappingHandlerAdapter : Looking for @ControllerAdvice: org.springframework.boot.context.embedded.AnnotationConfigEmbeddedWebApplicationContext@6c451c9c: startup date [Mon Jul 17 15:31:38 CST 2017]; parent: org.springframework.context.annotation.AnnotationConfigApplicationContext@202b0582
2017-07-17 15:31:48.783 [gate-server,,,] 7200 --- [           main] s.w.s.m.m.a.RequestMappingHandlerMapping : Mapped "{[/login],methods=[GET]}" onto public java.lang.String com.duo.Login.login()
2017-07-17 15:31:48.792 [gate-server,,,] 7200 --- [           main] s.w.s.m.m.a.RequestMappingHandlerMapping : Mapped "{[/error]}" onto public org.springframework.http.ResponseEntity<java.util.Map<java.lang.String, java.lang.Object>> org.springframework.boot.autoconfigure.web.BasicErrorController.error(javax.servlet.http.HttpServletRequest)
2017-07-17 15:31:48.793 [gate-server,,,] 7200 --- [           main] s.w.s.m.m.a.RequestMappingHandlerMapping : Mapped "{[/error],produces=[text/html]}" onto public org.springframework.web.servlet.ModelAndView org.springframework.boot.autoconfigure.web.BasicErrorController.errorHtml(javax.servlet.http.HttpServletRequest,javax.servlet.http.HttpServletResponse)
2017-07-17 15:31:48.904 [gate-server,,,] 7200 --- [           main] o.s.w.s.handler.SimpleUrlHandlerMapping  : Mapped URL path [/webjars/**] onto handler of type [class org.springframework.web.servlet.resource.ResourceHttpRequestHandler]
2017-07-17 15:31:48.904 [gate-server,,,] 7200 --- [           main] o.s.w.s.handler.SimpleUrlHandlerMapping  : Mapped URL path [/**] onto handler of type [class org.springframework.web.servlet.resource.ResourceHttpRequestHandler]
2017-07-17 15:31:48.997 [gate-server,,,] 7200 --- [           main] o.s.w.s.handler.SimpleUrlHandlerMapping  : Mapped URL path [/**/favicon.ico] onto handler of type [class org.springframework.web.servlet.resource.ResourceHttpRequestHandler]
2017-07-17 15:31:50.881 [gate-server,,,] 7200 --- [           main] o.s.b.a.e.mvc.EndpointHandlerMapping     : Mapped "{[/trace || /trace.json],methods=[GET],produces=[application/json]}" onto public java.lang.Object org.springframework.boot.actuate.endpoint.mvc.EndpointMvcAdapter.invoke()
2017-07-17 15:31:50.882 [gate-server,,,] 7200 --- [           main] o.s.b.a.e.mvc.EndpointHandlerMapping     : Mapped "{[/hystrix.stream/**]}" onto public org.springframework.web.servlet.ModelAndView org.springframework.cloud.netflix.endpoint.ServletWrappingEndpoint.handle(javax.servlet.http.HttpServletRequest,javax.servlet.http.HttpServletResponse) throws java.lang.Exception
2017-07-17 15:31:50.886 [gate-server,,,] 7200 --- [           main] o.s.b.a.e.mvc.EndpointHandlerMapping     : Mapped "{[/refresh || /refresh.json],methods=[POST]}" onto public java.lang.Object org.springframework.cloud.endpoint.GenericPostableMvcEndpoint.invoke()
2017-07-17 15:31:50.890 [gate-server,,,] 7200 --- [           main] o.s.b.a.e.mvc.EndpointHandlerMapping     : Mapped "{[/configprops || /configprops.json],methods=[GET],produces=[application/json]}" onto public java.lang.Object org.springframework.boot.actuate.endpoint.mvc.EndpointMvcAdapter.invoke()
2017-07-17 15:31:50.893 [gate-server,,,] 7200 --- [           main] o.s.b.a.e.mvc.EndpointHandlerMapping     : Mapped "{[/metrics/{name:.*}],methods=[GET],produces=[application/json]}" onto public java.lang.Object org.springframework.boot.actuate.endpoint.mvc.MetricsMvcEndpoint.value(java.lang.String)
2017-07-17 15:31:50.894 [gate-server,,,] 7200 --- [           main] o.s.b.a.e.mvc.EndpointHandlerMapping     : Mapped "{[/metrics || /metrics.json],methods=[GET],produces=[application/json]}" onto public java.lang.Object org.springframework.boot.actuate.endpoint.mvc.EndpointMvcAdapter.invoke()
2017-07-17 15:31:50.895 [gate-server,,,] 7200 --- [           main] o.s.b.a.e.mvc.EndpointHandlerMapping     : Mapped "{[/archaius || /archaius.json],methods=[GET],produces=[application/json]}" onto public java.lang.Object org.springframework.boot.actuate.endpoint.mvc.EndpointMvcAdapter.invoke()
2017-07-17 15:31:50.896 [gate-server,,,] 7200 --- [           main] o.s.b.a.e.mvc.EndpointHandlerMapping     : Mapped "{[/beans || /beans.json],methods=[GET],produces=[application/json]}" onto public java.lang.Object org.springframework.boot.actuate.endpoint.mvc.EndpointMvcAdapter.invoke()
2017-07-17 15:31:50.897 [gate-server,,,] 7200 --- [           main] o.s.b.a.e.mvc.EndpointHandlerMapping     : Mapped "{[/env],methods=[POST]}" onto public java.lang.Object org.springframework.cloud.context.environment.EnvironmentManagerMvcEndpoint.value(java.util.Map<java.lang.String, java.lang.String>)
2017-07-17 15:31:50.898 [gate-server,,,] 7200 --- [           main] o.s.b.a.e.mvc.EndpointHandlerMapping     : Mapped "{[/env/reset],methods=[POST]}" onto public java.util.Map<java.lang.String, java.lang.Object> org.springframework.cloud.context.environment.EnvironmentManagerMvcEndpoint.reset()
2017-07-17 15:31:50.899 [gate-server,,,] 7200 --- [           main] o.s.b.a.e.mvc.EndpointHandlerMapping     : Mapped "{[/heapdump || /heapdump.json],methods=[GET],produces=[application/octet-stream]}" onto public void org.springframework.boot.actuate.endpoint.mvc.HeapdumpMvcEndpoint.invoke(boolean,javax.servlet.http.HttpServletRequest,javax.servlet.http.HttpServletResponse) throws java.io.IOException,javax.servlet.ServletException
2017-07-17 15:31:50.900 [gate-server,,,] 7200 --- [           main] o.s.b.a.e.mvc.EndpointHandlerMapping     : Mapped "{[/health || /health.json],produces=[application/json]}" onto public java.lang.Object org.springframework.boot.actuate.endpoint.mvc.HealthMvcEndpoint.invoke(java.security.Principal)
2017-07-17 15:31:50.901 [gate-server,,,] 7200 --- [           main] o.s.b.a.e.mvc.EndpointHandlerMapping     : Mapped "{[/resume || /resume.json],methods=[POST]}" onto public java.lang.Object org.springframework.cloud.endpoint.GenericPostableMvcEndpoint.invoke()
2017-07-17 15:31:50.903 [gate-server,,,] 7200 --- [           main] o.s.b.a.e.mvc.EndpointHandlerMapping     : Mapped "{[/dump || /dump.json],methods=[GET],produces=[application/json]}" onto public java.lang.Object org.springframework.boot.actuate.endpoint.mvc.EndpointMvcAdapter.invoke()
2017-07-17 15:31:50.912 [gate-server,,,] 7200 --- [           main] o.s.b.a.e.mvc.EndpointHandlerMapping     : Mapped "{[/env/{name:.*}],methods=[GET],produces=[application/json]}" onto public java.lang.Object org.springframework.boot.actuate.endpoint.mvc.EnvironmentMvcEndpoint.value(java.lang.String)
2017-07-17 15:31:50.920 [gate-server,,,] 7200 --- [           main] o.s.b.a.e.mvc.EndpointHandlerMapping     : Mapped "{[/env || /env.json],methods=[GET],produces=[application/json]}" onto public java.lang.Object org.springframework.boot.actuate.endpoint.mvc.EndpointMvcAdapter.invoke()
2017-07-17 15:31:50.921 [gate-server,,,] 7200 --- [           main] o.s.b.a.e.mvc.EndpointHandlerMapping     : Mapped "{[/mappings || /mappings.json],methods=[GET],produces=[application/json]}" onto public java.lang.Object org.springframework.boot.actuate.endpoint.mvc.EndpointMvcAdapter.invoke()
2017-07-17 15:31:50.929 [gate-server,,,] 7200 --- [           main] o.s.b.a.e.mvc.EndpointHandlerMapping     : Mapped "{[/pause || /pause.json],methods=[POST]}" onto public java.lang.Object org.springframework.cloud.endpoint.GenericPostableMvcEndpoint.invoke()
2017-07-17 15:31:50.931 [gate-server,,,] 7200 --- [           main] o.s.b.a.e.mvc.EndpointHandlerMapping     : Mapped "{[/info || /info.json],methods=[GET],produces=[application/json]}" onto public java.lang.Object org.springframework.boot.actuate.endpoint.mvc.EndpointMvcAdapter.invoke()
2017-07-17 15:31:50.932 [gate-server,,,] 7200 --- [           main] o.s.b.a.e.mvc.EndpointHandlerMapping     : Mapped "{[/autoconfig || /autoconfig.json],methods=[GET],produces=[application/json]}" onto public java.lang.Object org.springframework.boot.actuate.endpoint.mvc.EndpointMvcAdapter.invoke()
2017-07-17 15:31:50.932 [gate-server,,,] 7200 --- [           main] o.s.b.a.e.mvc.EndpointHandlerMapping     : Mapped "{[/routes || /routes.json],methods=[POST]}" onto public java.util.Map<java.lang.String, java.lang.String> org.springframework.cloud.netflix.zuul.RoutesEndpoint.reset()
2017-07-17 15:31:50.933 [gate-server,,,] 7200 --- [           main] o.s.b.a.e.mvc.EndpointHandlerMapping     : Mapped "{[/routes || /routes.json],methods=[GET]}" onto public java.util.Map<java.lang.String, java.lang.String> org.springframework.cloud.netflix.zuul.RoutesEndpoint.getRoutes()
2017-07-17 15:31:50.934 [gate-server,,,] 7200 --- [           main] o.s.b.a.e.mvc.EndpointHandlerMapping     : Mapped "{[/restart || /restart.json],methods=[POST]}" onto public java.lang.Object org.springframework.cloud.context.restart.RestartMvcEndpoint.invoke()
2017-07-17 15:31:50.936 [gate-server,,,] 7200 --- [           main] o.s.b.a.e.mvc.EndpointHandlerMapping     : Mapped "{[/features || /features.json],methods=[GET],produces=[application/json]}" onto public java.lang.Object org.springframework.boot.actuate.endpoint.mvc.EndpointMvcAdapter.invoke()
2017-07-17 15:31:51.256 [gate-server,,,] 7200 --- [           main] c.n.c.sources.URLConfigurationSource     : No URLs will be polled as dynamic configuration sources.
2017-07-17 15:31:51.256 [gate-server,,,] 7200 --- [           main] c.n.c.sources.URLConfigurationSource     : To enable URLs as dynamic configuration sources, define System property archaius.configurationSource.additionalUrls or make config.properties available on classpath.
2017-07-17 15:31:51.431 [gate-server,,,] 7200 --- [           main] o.s.j.e.a.AnnotationMBeanExporter        : Registering beans for JMX exposure on startup
2017-07-17 15:31:51.447 [gate-server,,,] 7200 --- [           main] o.s.j.e.a.AnnotationMBeanExporter        : Bean with name 'zuulEndpoint' has been autodetected for JMX exposure
2017-07-17 15:31:51.449 [gate-server,,,] 7200 --- [           main] o.s.j.e.a.AnnotationMBeanExporter        : Bean with name 'refreshScope' has been autodetected for JMX exposure
2017-07-17 15:31:51.452 [gate-server,,,] 7200 --- [           main] o.s.j.e.a.AnnotationMBeanExporter        : Bean with name 'environmentManager' has been autodetected for JMX exposure
2017-07-17 15:31:51.455 [gate-server,,,] 7200 --- [           main] o.s.j.e.a.AnnotationMBeanExporter        : Bean with name 'configurationPropertiesRebinder' has been autodetected for JMX exposure
2017-07-17 15:31:51.456 [gate-server,,,] 7200 --- [           main] o.s.j.e.a.AnnotationMBeanExporter        : Bean with name 'refreshEndpoint' has been autodetected for JMX exposure
2017-07-17 15:31:51.459 [gate-server,,,] 7200 --- [           main] o.s.j.e.a.AnnotationMBeanExporter        : Bean with name 'restartEndpoint' has been autodetected for JMX exposure
2017-07-17 15:31:51.463 [gate-server,,,] 7200 --- [           main] o.s.j.e.a.AnnotationMBeanExporter        : Located managed bean 'environmentManager': registering with JMX server as MBean [org.springframework.cloud.context.environment:name=environmentManager,type=EnvironmentManager]
2017-07-17 15:31:51.488 [gate-server,,,] 7200 --- [           main] o.s.j.e.a.AnnotationMBeanExporter        : Located managed bean 'restartEndpoint': registering with JMX server as MBean [org.springframework.cloud.context.restart:name=restartEndpoint,type=RestartEndpoint]
2017-07-17 15:31:51.522 [gate-server,,,] 7200 --- [           main] o.s.j.e.a.AnnotationMBeanExporter        : Located managed bean 'refreshScope': registering with JMX server as MBean [org.springframework.cloud.context.scope.refresh:name=refreshScope,type=RefreshScope]
2017-07-17 15:31:51.550 [gate-server,,,] 7200 --- [           main] o.s.j.e.a.AnnotationMBeanExporter        : Located managed bean 'zuulEndpoint': registering with JMX server as MBean [org.springframework.cloud.netflix.zuul:name=zuulEndpoint,type=RoutesEndpoint]
2017-07-17 15:31:51.556 [gate-server,,,] 7200 --- [           main] o.s.j.e.a.AnnotationMBeanExporter        : Located managed bean 'configurationPropertiesRebinder': registering with JMX server as MBean [org.springframework.cloud.context.properties:name=configurationPropertiesRebinder,context=6c451c9c,type=ConfigurationPropertiesRebinder]
2017-07-17 15:31:51.563 [gate-server,,,] 7200 --- [           main] o.s.j.e.a.AnnotationMBeanExporter        : Located managed bean 'refreshEndpoint': registering with JMX server as MBean [org.springframework.cloud.endpoint:name=refreshEndpoint,type=RefreshEndpoint]
2017-07-17 15:31:51.915 [gate-server,,,] 7200 --- [           main] o.s.c.support.DefaultLifecycleProcessor  : Starting beans in phase 0
2017-07-17 15:31:51.939 [gate-server,,,] 7200 --- [           main] o.s.c.n.eureka.InstanceInfoFactory       : Setting initial instance status as: STARTING
2017-07-17 15:31:52.222 [gate-server,,,] 7200 --- [           main] c.n.d.provider.DiscoveryJerseyProvider   : Using JSON encoding codec LegacyJacksonJson
2017-07-17 15:31:52.225 [gate-server,,,] 7200 --- [           main] c.n.d.provider.DiscoveryJerseyProvider   : Using JSON decoding codec LegacyJacksonJson
2017-07-17 15:31:52.421 [gate-server,,,] 7200 --- [           main] c.n.d.provider.DiscoveryJerseyProvider   : Using XML encoding codec XStreamXml
2017-07-17 15:31:52.421 [gate-server,,,] 7200 --- [           main] c.n.d.provider.DiscoveryJerseyProvider   : Using XML decoding codec XStreamXml
2017-07-17 15:31:52.732 [gate-server,,,] 7200 --- [           main] c.n.d.s.r.aws.ConfigClusterResolver      : Resolving eureka endpoints via configuration
2017-07-17 15:31:53.342 [gate-server,,,] 7200 --- [           main] com.netflix.discovery.DiscoveryClient    : Disable delta property : false
2017-07-17 15:31:53.344 [gate-server,,,] 7200 --- [           main] com.netflix.discovery.DiscoveryClient    : Single vip registry refresh property : null
2017-07-17 15:31:53.345 [gate-server,,,] 7200 --- [           main] com.netflix.discovery.DiscoveryClient    : Force full registry fetch : false
2017-07-17 15:31:53.346 [gate-server,,,] 7200 --- [           main] com.netflix.discovery.DiscoveryClient    : Application is null : false
2017-07-17 15:31:53.346 [gate-server,,,] 7200 --- [           main] com.netflix.discovery.DiscoveryClient    : Registered Applications size is zero : true
2017-07-17 15:31:53.346 [gate-server,,,] 7200 --- [           main] com.netflix.discovery.DiscoveryClient    : Application version is -1: true
2017-07-17 15:31:53.347 [gate-server,,,] 7200 --- [           main] com.netflix.discovery.DiscoveryClient    : Getting all instance registry info from the eureka server
2017-07-17 15:31:53.646 [gate-server,,,] 7200 --- [           main] com.netflix.discovery.DiscoveryClient    : The response status is 200
2017-07-17 15:31:53.648 [gate-server,,,] 7200 --- [           main] com.netflix.discovery.DiscoveryClient    : Starting heartbeat executor: renew interval is: 30
2017-07-17 15:31:53.651 [gate-server,,,] 7200 --- [           main] c.n.discovery.InstanceInfoReplicator     : InstanceInfoReplicator onDemand update allowed rate per min is 4
2017-07-17 15:31:53.654 [gate-server,,,] 7200 --- [           main] com.netflix.discovery.DiscoveryClient    : Discovery Client initialized at timestamp 1500276713654 with initial instances count: 2
2017-07-17 15:31:53.812 [gate-server,,,] 7200 --- [           main] c.n.e.EurekaDiscoveryClientConfiguration : Registering application gate-server with eureka with status UP
2017-07-17 15:31:53.813 [gate-server,,,] 7200 --- [           main] com.netflix.discovery.DiscoveryClient    : Saw local status change event StatusChangeEvent [timestamp=1500276713813, current=UP, previous=STARTING]
2017-07-17 15:31:53.816 [gate-server,,,] 7200 --- [nfoReplicator-0] com.netflix.discovery.DiscoveryClient    : DiscoveryClient_GATE-SERVER/Josiah-PC:gate-server:5555: registering service...
2017-07-17 15:31:53.869 [gate-server,,,] 7200 --- [nfoReplicator-0] com.netflix.discovery.DiscoveryClient    : DiscoveryClient_GATE-SERVER/Josiah-PC:gate-server:5555 - registration status: 204
2017-07-17 15:31:53.917 [gate-server,,,] 7200 --- [           main] o.s.c.support.DefaultLifecycleProcessor  : Starting beans in phase 2147483647
2017-07-17 15:31:53.922 [gate-server,,,] 7200 --- [           main] ration$HystrixMetricsPollerConfiguration : Starting poller
2017-07-17 15:31:54.174 [gate-server,,,] 7200 --- [           main] s.b.c.e.t.TomcatEmbeddedServletContainer : Tomcat started on port(s): 5555 (http)
2017-07-17 15:31:54.176 [gate-server,,,] 7200 --- [           main] c.n.e.EurekaDiscoveryClientConfiguration : Updating port to 5555
2017-07-17 15:31:54.183 [gate-server,,,] 7200 --- [           main] com.duo.ZuulApplication                  : Started ZuulApplication in 20.466 seconds (JVM running for 21.201)
